Using pre-set license
Built from '2022.3/china_unity/release~1' branch; Version is '2022.3.53f1c1 (f16e16b78e06) revision 15822358'; Using compiler version '192829333'; Build Type 'Release'
OS: 'Windows 11  (10.0.26100) 64bit CoreCountrySpecific' Language: 'zh' Physical Memory: 64733 MB
BatchMode: 1, IsHumanControllingUs: 0, StartBugReporterOnCrash: 0, Is64bit: 1, IsPro: 1

COMMAND LINE ARGUMENTS:
D:\UnityEditor\2022.3.53f1c1\Editor\Unity.exe
-adb2
-batchMode
-noUpm
-name
AssetImportWorker21
-projectPath
D:/GitMMORPG/My Test RPG/Src/Client
-logFile
Logs/AssetImportWorker21.log
-srvPort
58157
Successfully changed project path to: D:/GitMMORPG/My Test RPG/Src/Client
D:/GitMMORPG/My Test RPG/Src/Client
[UnityMemory] Configuration Parameters - Can be set up in boot.config
    "memorysetup-bucket-allocator-granularity=16"
    "memorysetup-bucket-allocator-bucket-count=8"
    "memorysetup-bucket-allocator-block-size=33554432"
    "memorysetup-bucket-allocator-block-count=8"
    "memorysetup-main-allocator-block-size=16777216"
    "memorysetup-thread-allocator-block-size=16777216"
    "memorysetup-gfx-main-allocator-block-size=16777216"
    "memorysetup-gfx-thread-allocator-block-size=16777216"
    "memorysetup-cache-allocator-block-size=4194304"
    "memorysetup-typetree-allocator-block-size=2097152"
    "memorysetup-profiler-bucket-allocator-granularity=16"
    "memorysetup-profiler-bucket-allocator-bucket-count=8"
    "memorysetup-profiler-bucket-allocator-block-size=33554432"
    "memorysetup-profiler-bucket-allocator-block-count=8"
    "memorysetup-profiler-allocator-block-size=16777216"
    "memorysetup-profiler-editor-allocator-block-size=1048576"
    "memorysetup-temp-allocator-size-main=16777216"
    "memorysetup-job-temp-allocator-block-size=2097152"
    "memorysetup-job-temp-allocator-block-size-background=1048576"
    "memorysetup-job-temp-allocator-reduction-small-platforms=262144"
    "memorysetup-allocator-temp-initial-block-size-main=262144"
    "memorysetup-allocator-temp-initial-block-size-worker=262144"
    "memorysetup-temp-allocator-size-background-worker=32768"
    "memorysetup-temp-allocator-size-job-worker=262144"
    "memorysetup-temp-allocator-size-preload-manager=33554432"
    "memorysetup-temp-allocator-size-nav-mesh-worker=65536"
    "memorysetup-temp-allocator-size-audio-worker=65536"
    "memorysetup-temp-allocator-size-cloud-worker=32768"
    "memorysetup-temp-allocator-size-gi-baking-worker=262144"
    "memorysetup-temp-allocator-size-gfx=262144"
Player connection [41128]  Target information:

Player connection [41128]  * "[IP] 192.168.1.63 [Port] 0 [Flags] 2 [Guid] 731978502 [EditorId] 731978502 [Version] 1048832 [Id] WindowsEditor(7,Elysia) [Debug] 1 [PackageName] WindowsEditor [ProjectName] Editor" 

Player connection [41128] Host joined multi-casting on [225.0.0.222:54997]...
Player connection [41128] Host joined alternative multi-casting on [225.0.0.222:34997]...
[PhysX] Initialized MultithreadedTaskDispatcher with 32 workers.
Refreshing native plugins compatible for Editor in 67.11 ms, found 3 plugins.
Preloading 0 native plugins for Editor in 0.00 ms.
Initialize engine version: 2022.3.53f1c1 (f16e16b78e06)
[Subsystems] Discovering subsystems at path D:/UnityEditor/2022.3.53f1c1/Editor/Data/Resources/UnitySubsystems
[Subsystems] Discovering subsystems at path D:/GitMMORPG/My Test RPG/Src/Client/Assets
GfxDevice: creating device client; threaded=0; jobified=0
Direct3D:
    Version:  Direct3D 11.0 [level 11.1]
    Renderer: NVIDIA GeForce RTX 5070 Ti Laptop GPU (ID=0x2f18)
    Vendor:   NVIDIA
    VRAM:     11856 MB
    Driver:   32.0.15.7652
Initialize mono
Mono path[0] = 'D:/UnityEditor/2022.3.53f1c1/Editor/Data/Managed'
Mono path[1] = 'D:/UnityEditor/2022.3.53f1c1/Editor/Data/MonoBleedingEdge/lib/mono/unityjit-win32'
Mono config path = 'D:/UnityEditor/2022.3.53f1c1/Editor/Data/MonoBleedingEdge/etc'
Using monoOptions --debugger-agent=transport=dt_socket,embedding=1,server=y,suspend=n,address=127.0.0.1:56332
Begin MonoManager ReloadAssembly
Registering precompiled unity dll's ...
Register platform support module: D:/UnityEditor/2022.3.53f1c1/Editor/Data/PlaybackEngines/AndroidPlayer/UnityEditor.Android.Extensions.dll
Register platform support module: D:/UnityEditor/2022.3.53f1c1/Editor/Data/PlaybackEngines/WindowsStandaloneSupport/UnityEditor.WindowsStandalone.Extensions.dll
Register platform support module: D:/UnityEditor/2022.3.53f1c1/Editor/Data/PlaybackEngines/MetroSupport/UnityEditor.UWP.Extensions.dll
Registered in 0.028981 seconds.
- Loaded All Assemblies, in  0.383 seconds
Native extension for UWP target not found
Native extension for WindowsStandalone target not found
Native extension for Android target not found
Mono: successfully reloaded assembly
- Finished resetting the current domain, in  0.217 seconds
Domain Reload Profiling: 588ms
	BeginReloadAssembly (121ms)
		ExecutionOrderSort (0ms)
		DisableScriptedObjects (0ms)
		BackupInstance (0ms)
		ReleaseScriptingObjects (0ms)
		CreateAndSetChildDomain (1ms)
	RebuildCommonClasses (28ms)
	RebuildNativeTypeToScriptingClass (7ms)
	initialDomainReloadingComplete (98ms)
	LoadAllAssembliesAndSetupDomain (117ms)
		LoadAssemblies (112ms)
		RebuildTransferFunctionScriptingTraits (0ms)
		AnalyzeDomain (113ms)
			TypeCache.Refresh (112ms)
				TypeCache.ScanAssembly (101ms)
			ScanForSourceGeneratedMonoScriptInfo (0ms)
			ResolveRequiredComponents (0ms)
	FinalizeReload (217ms)
		ReleaseScriptCaches (0ms)
		RebuildScriptCaches (0ms)
		SetupLoadedEditorAssemblies (182ms)
			LogAssemblyErrors (0ms)
			InitializePlatformSupportModulesInManaged (52ms)
			SetLoadedEditorAssemblies (4ms)
			RefreshPlugins (0ms)
			BeforeProcessingInitializeOnLoad (1ms)
			ProcessInitializeOnLoadAttributes (91ms)
			ProcessInitializeOnLoadMethodAttributes (33ms)
			AfterProcessingInitializeOnLoad (0ms)
			EditorAssembliesLoaded (0ms)
		ExecutionOrderSort2 (0ms)
		AwakeInstancesAfterBackupRestoration (0ms)
========================================================================
Worker process is ready to serve import requests
Caller must complete domain reload
Begin MonoManager ReloadAssembly
Duplicate assembly 'log4net.dll' with different versions detected, using 'Assets/References/log4net.dll, AssemblyName=log4net, Version=2.0.8.0, Culture=neutral, PublicKeyToken=null' and ignoring 'Packages/com.unity.collab-proxy/Lib/Editor/log4netPlastic.dll, AssemblyName=log4net, Version=1.2.15.0, Culture=neutral, PublicKeyToken=669e0ddf0bb1aa2a'.Symbol file LoadedFromMemory is not a mono symbol file
Symbol file LoadedFromMemory is not a mono symbol file
- Loaded All Assemblies, in  0.783 seconds
Native extension for UWP target not found
Native extension for WindowsStandalone target not found
Native extension for Android target not found
[MODES] ModeService[none].Initialize
[MODES] ModeService[none].LoadModes
[MODES] Loading mode Default (0) for mode-current-id-Client
Mono: successfully reloaded assembly
- Finished resetting the current domain, in  0.579 seconds
Domain Reload Profiling: 1348ms
	BeginReloadAssembly (126ms)
		ExecutionOrderSort (0ms)
		DisableScriptedObjects (3ms)
		BackupInstance (0ms)
		ReleaseScriptingObjects (0ms)
		CreateAndSetChildDomain (21ms)
	RebuildCommonClasses (22ms)
	RebuildNativeTypeToScriptingClass (7ms)
	initialDomainReloadingComplete (54ms)
	LoadAllAssembliesAndSetupDomain (560ms)
		LoadAssemblies (460ms)
		RebuildTransferFunctionScriptingTraits (0ms)
		AnalyzeDomain (172ms)
			TypeCache.Refresh (147ms)
				TypeCache.ScanAssembly (127ms)
			ScanForSourceGeneratedMonoScriptInfo (18ms)
			ResolveRequiredComponents (7ms)
	FinalizeReload (579ms)
		ReleaseScriptCaches (0ms)
		RebuildScriptCaches (0ms)
		SetupLoadedEditorAssemblies (476ms)
			LogAssemblyErrors (0ms)
			InitializePlatformSupportModulesInManaged (23ms)
			SetLoadedEditorAssemblies (2ms)
			RefreshPlugins (0ms)
			BeforeProcessingInitializeOnLoad (79ms)
			ProcessInitializeOnLoadAttributes (267ms)
			ProcessInitializeOnLoadMethodAttributes (83ms)
			AfterProcessingInitializeOnLoad (18ms)
			EditorAssembliesLoaded (3ms)
		ExecutionOrderSort2 (0ms)
		AwakeInstancesAfterBackupRestoration (5ms)
Launched and connected shader compiler UnityShaderCompiler.exe after 0.05 seconds
Refreshing native plugins compatible for Editor in 37.09 ms, found 3 plugins.
Preloading 0 native plugins for Editor in 0.00 ms.
Unloading 6045 Unused Serialized files (Serialized files now loaded: 0)
Unloading 34 unused Assets / (322.4 KB). Loaded Objects now: 6544.
Memory consumption went from 316.4 MB to 316.1 MB.
Total: 8.420500 ms (FindLiveObjects: 1.231700 ms CreateObjectMapping: 0.539000 ms MarkObjects: 6.456400 ms  DeleteObjects: 0.192000 ms)

AssetImportParameters requested are different than current active one (requested -> active):
  custom:container-demuxer-ogg: 62fdf1f143b41e24485cea50d1cbac27 -> 
  custom:video-codec-MediaFoundation-h265: 746d11721c4dcdbdad8f713fa42b33f4 -> 
  custom:video-decoder-ogg-theora: a1e56fd34408186e4bbccfd4996cb3dc -> 
  custom:framework-win-MediaFoundation: 216162199b28c13a410421893ffa2e32 -> 
  custom:CustomObjectIndexerAttribute: 72b91833f83ae208fae7752999fa3104 -> 
  custom:container-demuxer-webm: 4f35f7cbe854078d1ac9338744f61a02 -> 
  custom:container-muxer-webm: aa71ff27fc2769a1b78a27578f13a17b -> 
  custom:video-decoder-webm-vp8: 9c59270c3fd7afecdb556c50c9e8de78 -> 
  custom:SearchIndexIgnoredProperties: e643bd26f0fe6173181afceb89e7c659 -> 
  custom:AudioImporter_EditorPlatform: d09bf68614088b80899f8185d706f6e7 -> 
  custom:video-encoder-webm-vp8: eb34c28f22e8b96e1ab97ce403110664 -> 
  custom:audio-decoder-ogg-vorbis: bf7c407c2cedff20999df2af8eb42d56 -> 
  custom:audio-encoder-webm-vorbis: bf7c407c2cedff20999df2af8eb42d56 -> 
========================================================================
Received Import Request.
  Time since last request: 809410.922133 seconds.
  path: Assets/Layer Lab/GUI Pro-SimpleCasual/ResourcesData/Sprites/Components/Icon_PictoIcons/128/PictoIcon_Timer.Png
  artifactKey: Guid(9adf7159b549041309711ac72ec13e94) Importer(815301076,1909f56bfc062723c751e8b465ee728b)
Start importing Assets/Layer Lab/GUI Pro-SimpleCasual/ResourcesData/Sprites/Components/Icon_PictoIcons/128/PictoIcon_Timer.Png using Guid(9adf7159b549041309711ac72ec13e94) Importer(815301076,1909f56bfc062723c751e8b465ee728b) [PhysX] Initialized MultithreadedTaskDispatcher with 32 workers.
[PhysX] Initialized MultithreadedTaskDispatcher with 32 workers.
 -> (artifact id: '90f961c25a64291f96d7f0c702831198') in 0.088203 seconds
Number of updated asset objects reloaded before import = 0
Number of asset objects unloaded after import = 3
========================================================================
Received Import Request.
  Time since last request: 446.004455 seconds.
  path: Assets/Layer Lab/GUI Pro-SimpleCasual/ResourcesData/Sprites/Components/Icon_PictoIcons/128/PictoIcon_Fish.Png
  artifactKey: Guid(bed32852f918045e797c7b36358b373b) Importer(815301076,1909f56bfc062723c751e8b465ee728b)
Start importing Assets/Layer Lab/GUI Pro-SimpleCasual/ResourcesData/Sprites/Components/Icon_PictoIcons/128/PictoIcon_Fish.Png using Guid(bed32852f918045e797c7b36358b373b) Importer(815301076,1909f56bfc062723c751e8b465ee728b) [PhysX] Initialized MultithreadedTaskDispatcher with 32 workers.
[PhysX] Initialized MultithreadedTaskDispatcher with 32 workers.
 -> (artifact id: '200e600dc57df976b072fb95ce0bc9a8') in 0.017850 seconds
Number of updated asset objects reloaded before import = 0
Number of asset objects unloaded after import = 3
========================================================================
Received Import Request.
  Time since last request: 0.002124 seconds.
  path: Assets/Layer Lab/GUI Pro-SimpleCasual/ResourcesData/Sprites/Components/Icon_PictoIcons/512/PictoIcon_Fix.Png
  artifactKey: Guid(53db4f476f0ac4d5ab9abb0b8c46e331) Importer(815301076,1909f56bfc062723c751e8b465ee728b)
Start importing Assets/Layer Lab/GUI Pro-SimpleCasual/ResourcesData/Sprites/Components/Icon_PictoIcons/512/PictoIcon_Fix.Png using Guid(53db4f476f0ac4d5ab9abb0b8c46e331) Importer(815301076,1909f56bfc062723c751e8b465ee728b) [PhysX] Initialized MultithreadedTaskDispatcher with 32 workers.
[PhysX] Initialized MultithreadedTaskDispatcher with 32 workers.
 -> (artifact id: '170a4ec18e285ef5b9ea02615107a766') in 0.017127 seconds
Number of updated asset objects reloaded before import = 0
Number of asset objects unloaded after import = 3
========================================================================
Received Import Request.
  Time since last request: 0.007735 seconds.
  path: Assets/Layer Lab/GUI Pro-SimpleCasual/ResourcesData/Sprites/Components/Icon_PictoIcons/256/PictoIcon_Flag_1.Png
  artifactKey: Guid(22c818687217b4a259e9560c97d33f89) Importer(815301076,1909f56bfc062723c751e8b465ee728b)
Start importing Assets/Layer Lab/GUI Pro-SimpleCasual/ResourcesData/Sprites/Components/Icon_PictoIcons/256/PictoIcon_Flag_1.Png using Guid(22c818687217b4a259e9560c97d33f89) Importer(815301076,1909f56bfc062723c751e8b465ee728b) [PhysX] Initialized MultithreadedTaskDispatcher with 32 workers.
[PhysX] Initialized MultithreadedTaskDispatcher with 32 workers.
 -> (artifact id: '5b220bafa32b9993987888101db9f4de') in 0.020716 seconds
Number of updated asset objects reloaded before import = 0
Number of asset objects unloaded after import = 3
========================================================================
Received Import Request.
  Time since last request: 0.000046 seconds.
  path: Assets/Layer Lab/GUI Pro-SimpleCasual/ResourcesData/Sprites/Components/Icon_PictoIcons/128/PictoIcon_Fix.Png
  artifactKey: Guid(357467239377d4fa6874dfd21c658899) Importer(815301076,1909f56bfc062723c751e8b465ee728b)
Start importing Assets/Layer Lab/GUI Pro-SimpleCasual/ResourcesData/Sprites/Components/Icon_PictoIcons/128/PictoIcon_Fix.Png using Guid(357467239377d4fa6874dfd21c658899) Importer(815301076,1909f56bfc062723c751e8b465ee728b) [PhysX] Initialized MultithreadedTaskDispatcher with 32 workers.
[PhysX] Initialized MultithreadedTaskDispatcher with 32 workers.
 -> (artifact id: '646469501d66e8c1ad2eae8e57362c49') in 0.016060 seconds
Number of updated asset objects reloaded before import = 0
Number of asset objects unloaded after import = 3
========================================================================
Received Import Request.
  Time since last request: 0.000029 seconds.
  path: Assets/Layer Lab/GUI Pro-SimpleCasual/ResourcesData/Sprites/Components/Icon_PictoIcons/64/PictoIcon_Flag_1.Png
  artifactKey: Guid(b9ac1d2133b554e90bb4aa9350f2ce66) Importer(815301076,1909f56bfc062723c751e8b465ee728b)
Start importing Assets/Layer Lab/GUI Pro-SimpleCasual/ResourcesData/Sprites/Components/Icon_PictoIcons/64/PictoIcon_Flag_1.Png using Guid(b9ac1d2133b554e90bb4aa9350f2ce66) Importer(815301076,1909f56bfc062723c751e8b465ee728b) [PhysX] Initialized MultithreadedTaskDispatcher with 32 workers.
[PhysX] Initialized MultithreadedTaskDispatcher with 32 workers.
 -> (artifact id: '33e3636a14899856b62786e7aa4ae43d') in 0.024159 seconds
Number of updated asset objects reloaded before import = 0
Number of asset objects unloaded after import = 3
========================================================================
Received Import Request.
  Time since last request: 0.000016 seconds.
  path: Assets/Layer Lab/GUI Pro-SimpleCasual/ResourcesData/Sprites/Components/Icon_PictoIcons/256/PictoIcon_Filter.Png
  artifactKey: Guid(6ccbd3b2a38c7481db5f74297eb5496e) Importer(815301076,1909f56bfc062723c751e8b465ee728b)
Start importing Assets/Layer Lab/GUI Pro-SimpleCasual/ResourcesData/Sprites/Components/Icon_PictoIcons/256/PictoIcon_Filter.Png using Guid(6ccbd3b2a38c7481db5f74297eb5496e) Importer(815301076,1909f56bfc062723c751e8b465ee728b) [PhysX] Initialized MultithreadedTaskDispatcher with 32 workers.
[PhysX] Initialized MultithreadedTaskDispatcher with 32 workers.
 -> (artifact id: 'e53aa6e28988586572143cc4e10b555a') in 0.021864 seconds
Number of updated asset objects reloaded before import = 0
Number of asset objects unloaded after import = 3
========================================================================
Received Import Request.
  Time since last request: 0.000022 seconds.
  path: Assets/Layer Lab/GUI Pro-SimpleCasual/ResourcesData/Sprites/Components/Icon_PictoIcons/512/PictoIcon_Find.Png
  artifactKey: Guid(b4273cc35706f473db26a075cc073f94) Importer(815301076,1909f56bfc062723c751e8b465ee728b)
Start importing Assets/Layer Lab/GUI Pro-SimpleCasual/ResourcesData/Sprites/Components/Icon_PictoIcons/512/PictoIcon_Find.Png using Guid(b4273cc35706f473db26a075cc073f94) Importer(815301076,1909f56bfc062723c751e8b465ee728b) [PhysX] Initialized MultithreadedTaskDispatcher with 32 workers.
[PhysX] Initialized MultithreadedTaskDispatcher with 32 workers.
 -> (artifact id: '0b19153ca4460d3e6ca0c84e4b77dc44') in 0.025112 seconds
Number of updated asset objects reloaded before import = 0
Number of asset objects unloaded after import = 3
========================================================================
Received Import Request.
  Time since last request: 0.000024 seconds.
  path: Assets/Layer Lab/GUI Pro-SimpleCasual/ResourcesData/Sprites/Components/Icon_PictoIcons/64/PictoIcon_Fire.Png
  artifactKey: Guid(4fff21ef8a66240a39b7a7100dace1b0) Importer(815301076,1909f56bfc062723c751e8b465ee728b)
Start importing Assets/Layer Lab/GUI Pro-SimpleCasual/ResourcesData/Sprites/Components/Icon_PictoIcons/64/PictoIcon_Fire.Png using Guid(4fff21ef8a66240a39b7a7100dace1b0) Importer(815301076,1909f56bfc062723c751e8b465ee728b) [PhysX] Initialized MultithreadedTaskDispatcher with 32 workers.
[PhysX] Initialized MultithreadedTaskDispatcher with 32 workers.
 -> (artifact id: '7064d13242e105f1994f524adba8cf88') in 0.020170 seconds
Number of updated asset objects reloaded before import = 0
Number of asset objects unloaded after import = 3
========================================================================
Received Import Request.
  Time since last request: 0.000032 seconds.
  path: Assets/Layer Lab/GUI Pro-SimpleCasual/ResourcesData/Sprites/Components/Icon_PictoIcons/256/PictoIcon_Fish.Png
  artifactKey: Guid(04406994e0bfa401d8ea69b5d5e306a6) Importer(815301076,1909f56bfc062723c751e8b465ee728b)
Start importing Assets/Layer Lab/GUI Pro-SimpleCasual/ResourcesData/Sprites/Components/Icon_PictoIcons/256/PictoIcon_Fish.Png using Guid(04406994e0bfa401d8ea69b5d5e306a6) Importer(815301076,1909f56bfc062723c751e8b465ee728b) [PhysX] Initialized MultithreadedTaskDispatcher with 32 workers.
[PhysX] Initialized MultithreadedTaskDispatcher with 32 workers.
 -> (artifact id: '42ffc0f9b52b512db051544ae882ba69') in 0.021664 seconds
Number of updated asset objects reloaded before import = 0
Number of asset objects unloaded after import = 3
========================================================================
Received Import Request.
  Time since last request: 0.000020 seconds.
  path: Assets/Layer Lab/GUI Pro-SimpleCasual/ResourcesData/Sprites/Components/Icon_PictoIcons/128/PictoIcon_Filter.Png
  artifactKey: Guid(1dcf85db8b628435bb4dafc6f10bd5da) Importer(815301076,1909f56bfc062723c751e8b465ee728b)
Start importing Assets/Layer Lab/GUI Pro-SimpleCasual/ResourcesData/Sprites/Components/Icon_PictoIcons/128/PictoIcon_Filter.Png using Guid(1dcf85db8b628435bb4dafc6f10bd5da) Importer(815301076,1909f56bfc062723c751e8b465ee728b) [PhysX] Initialized MultithreadedTaskDispatcher with 32 workers.
[PhysX] Initialized MultithreadedTaskDispatcher with 32 workers.
 -> (artifact id: '9806cdc6f60606c6b4599121b5b0a3f7') in 0.020822 seconds
Number of updated asset objects reloaded before import = 0
Number of asset objects unloaded after import = 3
========================================================================
Received Import Request.
  Time since last request: 0.000018 seconds.
  path: Assets/Layer Lab/GUI Pro-SimpleCasual/ResourcesData/Sprites/Components/Icon_PictoIcons/64/PictoIcon_Find.Png
  artifactKey: Guid(18c9865a83f6d48e0b4726186de9a3fb) Importer(815301076,1909f56bfc062723c751e8b465ee728b)
Start importing Assets/Layer Lab/GUI Pro-SimpleCasual/ResourcesData/Sprites/Components/Icon_PictoIcons/64/PictoIcon_Find.Png using Guid(18c9865a83f6d48e0b4726186de9a3fb) Importer(815301076,1909f56bfc062723c751e8b465ee728b) [PhysX] Initialized MultithreadedTaskDispatcher with 32 workers.
[PhysX] Initialized MultithreadedTaskDispatcher with 32 workers.
 -> (artifact id: 'daad7057087feca1d28c022fcde642ac') in 0.019097 seconds
Number of updated asset objects reloaded before import = 0
Number of asset objects unloaded after import = 3
========================================================================
Received Import Request.
  Time since last request: 0.000022 seconds.
  path: Assets/Layer Lab/GUI Pro-SimpleCasual/ResourcesData/Sprites/Components/Icon_PictoIcons/64/PictoIcon_Feather.Png
  artifactKey: Guid(2ca0385311c7048c68098fe0d0c8d9ab) Importer(815301076,1909f56bfc062723c751e8b465ee728b)
Start importing Assets/Layer Lab/GUI Pro-SimpleCasual/ResourcesData/Sprites/Components/Icon_PictoIcons/64/PictoIcon_Feather.Png using Guid(2ca0385311c7048c68098fe0d0c8d9ab) Importer(815301076,1909f56bfc062723c751e8b465ee728b) [PhysX] Initialized MultithreadedTaskDispatcher with 32 workers.
[PhysX] Initialized MultithreadedTaskDispatcher with 32 workers.
 -> (artifact id: 'f9653e4ad83109e2454774f00a653bb6') in 0.019621 seconds
Number of updated asset objects reloaded before import = 0
Number of asset objects unloaded after import = 3
========================================================================
Received Import Request.
  Time since last request: 0.000025 seconds.
  path: Assets/Layer Lab/GUI-MonoRound/ResourceData/Sprites/Components/Icon_PictoIcons/pictoicon_facebook.png
  artifactKey: Guid(092fe3756539e427d82c09cd72a0b3f1) Importer(815301076,1909f56bfc062723c751e8b465ee728b)
Start importing Assets/Layer Lab/GUI-MonoRound/ResourceData/Sprites/Components/Icon_PictoIcons/pictoicon_facebook.png using Guid(092fe3756539e427d82c09cd72a0b3f1) Importer(815301076,1909f56bfc062723c751e8b465ee728b) [PhysX] Initialized MultithreadedTaskDispatcher with 32 workers.
[PhysX] Initialized MultithreadedTaskDispatcher with 32 workers.
 -> (artifact id: '6b81a57b467cf56b51a509c9144db6ed') in 0.019360 seconds
Number of updated asset objects reloaded before import = 0
Number of asset objects unloaded after import = 3
========================================================================
Received Import Request.
  Time since last request: 0.000019 seconds.
  path: Assets/Layer Lab/GUI Pro-SimpleCasual/ResourcesData/Sprites/Components/Icon_PictoIcons/128/PictoIcon_Find.Png
  artifactKey: Guid(1c6cdbf984df3484eb1fefb54ab87b32) Importer(815301076,1909f56bfc062723c751e8b465ee728b)
Start importing Assets/Layer Lab/GUI Pro-SimpleCasual/ResourcesData/Sprites/Components/Icon_PictoIcons/128/PictoIcon_Find.Png using Guid(1c6cdbf984df3484eb1fefb54ab87b32) Importer(815301076,1909f56bfc062723c751e8b465ee728b) [PhysX] Initialized MultithreadedTaskDispatcher with 32 workers.
[PhysX] Initialized MultithreadedTaskDispatcher with 32 workers.
 -> (artifact id: '85e22fca80ad5af6dd551b76aa49d2f7') in 0.021222 seconds
Number of updated asset objects reloaded before import = 0
Number of asset objects unloaded after import = 3
========================================================================
Received Import Request.
  Time since last request: 0.000021 seconds.
  path: Assets/Layer Lab/GUI Pro-SimpleCasual/ResourcesData/Sprites/Components/Icon_PictoIcons/64/PictoIcon_Eye_Show.Png
  artifactKey: Guid(5d88fd6ee485c402bbe62a3d871b4526) Importer(815301076,1909f56bfc062723c751e8b465ee728b)
Start importing Assets/Layer Lab/GUI Pro-SimpleCasual/ResourcesData/Sprites/Components/Icon_PictoIcons/64/PictoIcon_Eye_Show.Png using Guid(5d88fd6ee485c402bbe62a3d871b4526) Importer(815301076,1909f56bfc062723c751e8b465ee728b) [PhysX] Initialized MultithreadedTaskDispatcher with 32 workers.
[PhysX] Initialized MultithreadedTaskDispatcher with 32 workers.
 -> (artifact id: 'bc515fdf7d490fb40a027dd66c88a302') in 0.021157 seconds
Number of updated asset objects reloaded before import = 0
Number of asset objects unloaded after import = 3
========================================================================
Received Import Request.
  Time since last request: 0.000018 seconds.
  path: Assets/Layer Lab/GUI Pro-SimpleCasual/ResourcesData/Sprites/Components/Icon_PictoIcons/64/PictoIcon_Fish.Png
  artifactKey: Guid(1d794197e3fa04dc0bd57ec441fbe8db) Importer(815301076,1909f56bfc062723c751e8b465ee728b)
Start importing Assets/Layer Lab/GUI Pro-SimpleCasual/ResourcesData/Sprites/Components/Icon_PictoIcons/64/PictoIcon_Fish.Png using Guid(1d794197e3fa04dc0bd57ec441fbe8db) Importer(815301076,1909f56bfc062723c751e8b465ee728b) [PhysX] Initialized MultithreadedTaskDispatcher with 32 workers.
[PhysX] Initialized MultithreadedTaskDispatcher with 32 workers.
 -> (artifact id: 'dc3254f9f76b9d346e6560b5c0f5c494') in 0.052080 seconds
Number of updated asset objects reloaded before import = 0
Number of asset objects unloaded after import = 3
========================================================================
Received Import Request.
  Time since last request: 0.000030 seconds.
  path: Assets/Layer Lab/GUI Pro-SimpleCasual/ResourcesData/Sprites/Components/Icon_PictoIcons/64/PictoIcon_Filter.Png
  artifactKey: Guid(6874c291905434baf94634dc6ad88ab2) Importer(815301076,1909f56bfc062723c751e8b465ee728b)
Start importing Assets/Layer Lab/GUI Pro-SimpleCasual/ResourcesData/Sprites/Components/Icon_PictoIcons/64/PictoIcon_Filter.Png using Guid(6874c291905434baf94634dc6ad88ab2) Importer(815301076,1909f56bfc062723c751e8b465ee728b) [PhysX] Initialized MultithreadedTaskDispatcher with 32 workers.
[PhysX] Initialized MultithreadedTaskDispatcher with 32 workers.
 -> (artifact id: 'a48335395d41df0cc7028ab27d5fc1e5') in 0.019832 seconds
Number of updated asset objects reloaded before import = 0
Number of asset objects unloaded after import = 3
========================================================================
Received Import Request.
  Time since last request: 0.000028 seconds.
  path: Assets/Layer Lab/GUI Pro-SimpleCasual/ResourcesData/Sprites/Components/Icon_PictoIcons/256/PictoIcon_Fire.Png
  artifactKey: Guid(afb7851dda82646ada930aa8b250eea3) Importer(815301076,1909f56bfc062723c751e8b465ee728b)
Start importing Assets/Layer Lab/GUI Pro-SimpleCasual/ResourcesData/Sprites/Components/Icon_PictoIcons/256/PictoIcon_Fire.Png using Guid(afb7851dda82646ada930aa8b250eea3) Importer(815301076,1909f56bfc062723c751e8b465ee728b) [PhysX] Initialized MultithreadedTaskDispatcher with 32 workers.
[PhysX] Initialized MultithreadedTaskDispatcher with 32 workers.
 -> (artifact id: '471aad8020ec138dcb18ffb2714b68e5') in 0.019201 seconds
Number of updated asset objects reloaded before import = 0
Number of asset objects unloaded after import = 3
========================================================================
Received Import Request.
  Time since last request: 0.000023 seconds.
  path: Assets/Layer Lab/GUI Pro-SimpleCasual/ResourcesData/Sprites/Components/Icon_PictoIcons/128/PictoIcon_Fire.Png
  artifactKey: Guid(c2a49b7075ab94c8292f1ef050fccd61) Importer(815301076,1909f56bfc062723c751e8b465ee728b)
Start importing Assets/Layer Lab/GUI Pro-SimpleCasual/ResourcesData/Sprites/Components/Icon_PictoIcons/128/PictoIcon_Fire.Png using Guid(c2a49b7075ab94c8292f1ef050fccd61) Importer(815301076,1909f56bfc062723c751e8b465ee728b) [PhysX] Initialized MultithreadedTaskDispatcher with 32 workers.
[PhysX] Initialized MultithreadedTaskDispatcher with 32 workers.
 -> (artifact id: '920227b2f1ed833746c4e76b7f676328') in 0.019304 seconds
Number of updated asset objects reloaded before import = 0
Number of asset objects unloaded after import = 3
========================================================================
Received Import Request.
  Time since last request: 0.000023 seconds.
  path: Assets/Layer Lab/GUI Pro-SimpleCasual/ResourcesData/Sprites/Components/Icon_PictoIcons/128/PictoIcon_Feather.Png
  artifactKey: Guid(cd71a213891574fe68a9c09e68f07504) Importer(815301076,1909f56bfc062723c751e8b465ee728b)
Start importing Assets/Layer Lab/GUI Pro-SimpleCasual/ResourcesData/Sprites/Components/Icon_PictoIcons/128/PictoIcon_Feather.Png using Guid(cd71a213891574fe68a9c09e68f07504) Importer(815301076,1909f56bfc062723c751e8b465ee728b) [PhysX] Initialized MultithreadedTaskDispatcher with 32 workers.
[PhysX] Initialized MultithreadedTaskDispatcher with 32 workers.
 -> (artifact id: 'b620ad8d701be6efa31efe699ea7d78e') in 0.021379 seconds
Number of updated asset objects reloaded before import = 0
Number of asset objects unloaded after import = 3
Editor requested this worker to shutdown with reason: Scaling down because of idle timeout
TcpMessagingSession - receive error: operation aborted. errorcode: 995, details: 由于线程退出或应用程序请求，已中止 I/O 操作。
AssetImportWorker is now disconnected from the server
Process exiting
Exiting without the bug reporter. Application will terminate with return code 0