Using pre-set license
Built from '2022.3/china_unity/release~1' branch; Version is '2022.3.53f1c1 (f16e16b78e06) revision 15822358'; Using compiler version '192829333'; Build Type 'Release'
OS: 'Windows 11  (10.0.26100) 64bit Professional' Language: 'zh' Physical Memory: 16197 MB
BatchMode: 1, IsHumanControllingUs: 0, StartBugReporterOnCrash: 0, Is64bit: 1, IsPro: 1

COMMAND LINE ARGUMENTS:
D:\Unity\Editor\2022.3.53f1c1\Editor\Unity.exe
-adb2
-batchMode
-noUpm
-name
AssetImportWorker4
-projectPath
D:/GitMMORPG/MyTestRPG/Src/Client
-logFile
Logs/AssetImportWorker4.log
-srvPort
53053
Successfully changed project path to: D:/GitMMORPG/MyTestRPG/Src/Client
D:/GitMMORPG/MyTestRPG/Src/Client
[UnityMemory] Configuration Parameters - Can be set up in boot.config
    "memorysetup-bucket-allocator-granularity=16"
    "memorysetup-bucket-allocator-bucket-count=8"
    "memorysetup-bucket-allocator-block-size=33554432"
    "memorysetup-bucket-allocator-block-count=8"
    "memorysetup-main-allocator-block-size=16777216"
    "memorysetup-thread-allocator-block-size=16777216"
    "memorysetup-gfx-main-allocator-block-size=16777216"
    "memorysetup-gfx-thread-allocator-block-size=16777216"
    "memorysetup-cache-allocator-block-size=4194304"
    "memorysetup-typetree-allocator-block-size=2097152"
    "memorysetup-profiler-bucket-allocator-granularity=16"
    "memorysetup-profiler-bucket-allocator-bucket-count=8"
    "memorysetup-profiler-bucket-allocator-block-size=33554432"
    "memorysetup-profiler-bucket-allocator-block-count=8"
    "memorysetup-profiler-allocator-block-size=16777216"
    "memorysetup-profiler-editor-allocator-block-size=1048576"
    "memorysetup-temp-allocator-size-main=16777216"
    "memorysetup-job-temp-allocator-block-size=2097152"
    "memorysetup-job-temp-allocator-block-size-background=1048576"
    "memorysetup-job-temp-allocator-reduction-small-platforms=262144"
    "memorysetup-allocator-temp-initial-block-size-main=262144"
    "memorysetup-allocator-temp-initial-block-size-worker=262144"
    "memorysetup-temp-allocator-size-background-worker=32768"
    "memorysetup-temp-allocator-size-job-worker=262144"
    "memorysetup-temp-allocator-size-preload-manager=33554432"
    "memorysetup-temp-allocator-size-nav-mesh-worker=65536"
    "memorysetup-temp-allocator-size-audio-worker=65536"
    "memorysetup-temp-allocator-size-cloud-worker=32768"
    "memorysetup-temp-allocator-size-gi-baking-worker=262144"
    "memorysetup-temp-allocator-size-gfx=262144"
Player connection [13208]  Target information:

Player connection [13208]  * "[IP] 10.117.6.36 [Port] 0 [Flags] 2 [Guid] 604653724 [EditorId] 604653724 [Version] 1048832 [Id] WindowsEditor(7,ELYSIA) [Debug] 1 [PackageName] WindowsEditor [ProjectName] Editor" 

Player connection [13208] Host joined multi-casting on [225.0.0.222:54997]...
Player connection [13208] Host joined alternative multi-casting on [225.0.0.222:34997]...
[PhysX] Initialized MultithreadedTaskDispatcher with 12 workers.
Refreshing native plugins compatible for Editor in 47.78 ms, found 3 plugins.
Preloading 0 native plugins for Editor in 0.00 ms.
Initialize engine version: 2022.3.53f1c1 (f16e16b78e06)
[Subsystems] Discovering subsystems at path D:/Unity/Editor/2022.3.53f1c1/Editor/Data/Resources/UnitySubsystems
[Subsystems] Discovering subsystems at path D:/GitMMORPG/MyTestRPG/Src/Client/Assets
GfxDevice: creating device client; threaded=0; jobified=0
Direct3D:
    Version:  Direct3D 11.0 [level 11.1]
    Renderer: NVIDIA GeForce RTX 3050 (ID=0x2584)
    Vendor:   NVIDIA
    VRAM:     6002 MB
    Driver:   32.0.15.7602
Initialize mono
Mono path[0] = 'D:/Unity/Editor/2022.3.53f1c1/Editor/Data/Managed'
Mono path[1] = 'D:/Unity/Editor/2022.3.53f1c1/Editor/Data/MonoBleedingEdge/lib/mono/unityjit-win32'
Mono config path = 'D:/Unity/Editor/2022.3.53f1c1/Editor/Data/MonoBleedingEdge/etc'
Using monoOptions --debugger-agent=transport=dt_socket,embedding=1,server=y,suspend=n,address=127.0.0.1:56536
Begin MonoManager ReloadAssembly
Registering precompiled unity dll's ...
Register platform support module: D:/Unity/Editor/2022.3.53f1c1/Editor/Data/PlaybackEngines/AndroidPlayer/UnityEditor.Android.Extensions.dll
Register platform support module: D:/Unity/Editor/2022.3.53f1c1/Editor/Data/PlaybackEngines/WindowsStandaloneSupport/UnityEditor.WindowsStandalone.Extensions.dll
Registered in 0.026064 seconds.
- Loaded All Assemblies, in  0.543 seconds
Native extension for WindowsStandalone target not found
Native extension for Android target not found
Android Extension - Scanning For ADB Devices 392 ms
Mono: successfully reloaded assembly
- Finished resetting the current domain, in  0.691 seconds
Domain Reload Profiling: 1226ms
	BeginReloadAssembly (225ms)
		ExecutionOrderSort (0ms)
		DisableScriptedObjects (0ms)
		BackupInstance (0ms)
		ReleaseScriptingObjects (0ms)
		CreateAndSetChildDomain (1ms)
	RebuildCommonClasses (44ms)
	RebuildNativeTypeToScriptingClass (11ms)
	initialDomainReloadingComplete (108ms)
	LoadAllAssembliesAndSetupDomain (146ms)
		LoadAssemblies (216ms)
		RebuildTransferFunctionScriptingTraits (0ms)
		AnalyzeDomain (141ms)
			TypeCache.Refresh (140ms)
				TypeCache.ScanAssembly (126ms)
			ScanForSourceGeneratedMonoScriptInfo (0ms)
			ResolveRequiredComponents (1ms)
	FinalizeReload (692ms)
		ReleaseScriptCaches (0ms)
		RebuildScriptCaches (0ms)
		SetupLoadedEditorAssemblies (649ms)
			LogAssemblyErrors (0ms)
			InitializePlatformSupportModulesInManaged (475ms)
			SetLoadedEditorAssemblies (4ms)
			RefreshPlugins (0ms)
			BeforeProcessingInitializeOnLoad (4ms)
			ProcessInitializeOnLoadAttributes (120ms)
			ProcessInitializeOnLoadMethodAttributes (46ms)
			AfterProcessingInitializeOnLoad (0ms)
			EditorAssembliesLoaded (0ms)
		ExecutionOrderSort2 (0ms)
		AwakeInstancesAfterBackupRestoration (0ms)
========================================================================
Worker process is ready to serve import requests
Caller must complete domain reload
Begin MonoManager ReloadAssembly
Duplicate assembly 'log4net.dll' with different versions detected, using 'Assets/References/log4net.dll, AssemblyName=log4net, Version=2.0.8.0, Culture=neutral, PublicKeyToken=null' and ignoring 'Packages/com.unity.collab-proxy/Lib/Editor/log4netPlastic.dll, AssemblyName=log4net, Version=1.2.15.0, Culture=neutral, PublicKeyToken=669e0ddf0bb1aa2a'.OutOfMemoryException: Out of memory
  at (wrapper managed-to-native) System.Object.__icall_wrapper_ves_icall_array_new_specific(intptr,int)
  at System.IO.MemoryStream..ctor (System.Int32 capacity) [0x00023] in <b0b3ee161b9b40739da01ef24d5555a8>:0 
  at (wrapper remoting-invoke-with-check) System.IO.MemoryStream..ctor(int)
  at Mono.Cecil.ModuleDefinition.ReadModule (System.String fileName, Mono.Cecil.ReaderParameters parameters) [0x0002e] in <a6860a9f6366437387ebdc1f225b7fd4>:0 
  at Mono.Cecil.BaseAssemblyResolver.GetAssembly (System.String file, Mono.Cecil.ReaderParameters parameters) [0x0000f] in <a6860a9f6366437387ebdc1f225b7fd4>:0 
  at Mono.Cecil.BaseAssemblyResolver.SearchDirectory (Mono.Cecil.AssemblyNameReference name, System.Collections.Generic.IEnumerable`1[T] directories, Mono.Cecil.ReaderParameters parameters) [0x00073] in <a6860a9f6366437387ebdc1f225b7fd4>:0 
  at Mono.Cecil.BaseAssemblyResolver.Resolve (Mono.Cecil.AssemblyNameReference name, Mono.Cecil.ReaderParameters parameters) [0x0000c] in <a6860a9f6366437387ebdc1f225b7fd4>:0 
  at Mono.Cecil.BaseAssemblyResolver.Resolve (Mono.Cecil.AssemblyNameReference name) [0x00007] in <a6860a9f6366437387ebdc1f225b7fd4>:0 
  at UnityEditor.AssemblyValidation+AssemblyResolver.Resolve (Mono.Cecil.AssemblyNameReference name) [0x0002f] in <80bea25354d94dc4aa1a171e9f8849d6>:0 
  at UnityEditor.AssemblyValidation.ResolveAndSetupReferences (System.Int32 index, UnityEditor.AssemblyValidation+Error[] errors, Mono.Cecil.AssemblyDefinition[] assemblyDefinitions, System.Collections.Generic.Dictionary`2[TKey,TValue] assemblyDefinitionNameToIndex, UnityEditor.AssemblyValidation+AssemblyAndReferences[] assemblyAndReferences, System.String assemblyPath) [0x00084] in <80bea25354d94dc4aa1a171e9f8849d6>:0 
  at UnityEditor.AssemblyValidation.CheckAssemblyReferences (System.String[] assemblyPaths, UnityEditor.AssemblyValidation+Error[] errors, Mono.Cecil.AssemblyDefinition[] assemblyDefinitions, System.Func`2[T,TResult] compatibleWithEditor) [0x00106] in <80bea25354d94dc4aa1a171e9f8849d6>:0 
  at UnityEditor.AssemblyValidation.ValidateAssemblyDefinitions (System.String[] assemblyPaths, Mono.Cecil.AssemblyDefinition[] assemblyDefinitions, System.Func`2[T,TResult] compatibleWithEditor) [0x0000a] in <80bea25354d94dc4aa1a171e9f8849d6>:0 
  at UnityEditor.AssemblyValidation.ValidateAssemblies (System.String[] assemblyPaths, System.Boolean enableLogging) [0x00054] in <80bea25354d94dc4aa1a171e9f8849d6>:0 


=================================================================
	Native Crash Reporting
=================================================================
Got a UNKNOWN while executing native code. This usually indicates
a fatal error in the mono runtime or one of the native libraries 
used by your application.
=================================================================

=================================================================
	Managed Stacktrace:
=================================================================
=================================================================
Received signal SIGSEGV
Obtained 0 stack frames

