Using pre-set license
Built from '2022.3/china_unity/release~1' branch; Version is '2022.3.53f1c1 (f16e16b78e06) revision 15822358'; Using compiler version '192829333'; Build Type 'Release'
OS: 'Windows 11  (10.0.26100) 64bit CoreCountrySpecific' Language: 'zh' Physical Memory: 64733 MB
BatchMode: 1, IsHumanControllingUs: 0, StartBugReporterOnCrash: 0, Is64bit: 1, IsPro: 1

COMMAND LINE ARGUMENTS:
D:\UnityEditor\2022.3.53f1c1\Editor\Unity.exe
-adb2
-batchMode
-noUpm
-name
AssetImportWorker20
-projectPath
D:/GitMMORPG/My Test RPG/Src/Client
-logFile
Logs/AssetImportWorker20.log
-srvPort
58157
Successfully changed project path to: D:/GitMMORPG/My Test RPG/Src/Client
D:/GitMMORPG/My Test RPG/Src/Client
[UnityMemory] Configuration Parameters - Can be set up in boot.config
    "memorysetup-bucket-allocator-granularity=16"
    "memorysetup-bucket-allocator-bucket-count=8"
    "memorysetup-bucket-allocator-block-size=33554432"
    "memorysetup-bucket-allocator-block-count=8"
    "memorysetup-main-allocator-block-size=16777216"
    "memorysetup-thread-allocator-block-size=16777216"
    "memorysetup-gfx-main-allocator-block-size=16777216"
    "memorysetup-gfx-thread-allocator-block-size=16777216"
    "memorysetup-cache-allocator-block-size=4194304"
    "memorysetup-typetree-allocator-block-size=2097152"
    "memorysetup-profiler-bucket-allocator-granularity=16"
    "memorysetup-profiler-bucket-allocator-bucket-count=8"
    "memorysetup-profiler-bucket-allocator-block-size=33554432"
    "memorysetup-profiler-bucket-allocator-block-count=8"
    "memorysetup-profiler-allocator-block-size=16777216"
    "memorysetup-profiler-editor-allocator-block-size=1048576"
    "memorysetup-temp-allocator-size-main=16777216"
    "memorysetup-job-temp-allocator-block-size=2097152"
    "memorysetup-job-temp-allocator-block-size-background=1048576"
    "memorysetup-job-temp-allocator-reduction-small-platforms=262144"
    "memorysetup-allocator-temp-initial-block-size-main=262144"
    "memorysetup-allocator-temp-initial-block-size-worker=262144"
    "memorysetup-temp-allocator-size-background-worker=32768"
    "memorysetup-temp-allocator-size-job-worker=262144"
    "memorysetup-temp-allocator-size-preload-manager=33554432"
    "memorysetup-temp-allocator-size-nav-mesh-worker=65536"
    "memorysetup-temp-allocator-size-audio-worker=65536"
    "memorysetup-temp-allocator-size-cloud-worker=32768"
    "memorysetup-temp-allocator-size-gi-baking-worker=262144"
    "memorysetup-temp-allocator-size-gfx=262144"
Player connection [40052]  Target information:

Player connection [40052]  * "[IP] 192.168.1.63 [Port] 0 [Flags] 2 [Guid] 2813487232 [EditorId] 2813487232 [Version] 1048832 [Id] WindowsEditor(7,Elysia) [Debug] 1 [PackageName] WindowsEditor [ProjectName] Editor" 

Player connection [40052] Host joined multi-casting on [225.0.0.222:54997]...
Player connection [40052] Host joined alternative multi-casting on [225.0.0.222:34997]...
[PhysX] Initialized MultithreadedTaskDispatcher with 32 workers.
Refreshing native plugins compatible for Editor in 55.03 ms, found 3 plugins.
Preloading 0 native plugins for Editor in 0.00 ms.
Initialize engine version: 2022.3.53f1c1 (f16e16b78e06)
[Subsystems] Discovering subsystems at path D:/UnityEditor/2022.3.53f1c1/Editor/Data/Resources/UnitySubsystems
[Subsystems] Discovering subsystems at path D:/GitMMORPG/My Test RPG/Src/Client/Assets
GfxDevice: creating device client; threaded=0; jobified=0
Direct3D:
    Version:  Direct3D 11.0 [level 11.1]
    Renderer: NVIDIA GeForce RTX 5070 Ti Laptop GPU (ID=0x2f18)
    Vendor:   NVIDIA
    VRAM:     11856 MB
    Driver:   32.0.15.7652
Initialize mono
Mono path[0] = 'D:/UnityEditor/2022.3.53f1c1/Editor/Data/Managed'
Mono path[1] = 'D:/UnityEditor/2022.3.53f1c1/Editor/Data/MonoBleedingEdge/lib/mono/unityjit-win32'
Mono config path = 'D:/UnityEditor/2022.3.53f1c1/Editor/Data/MonoBleedingEdge/etc'
Using monoOptions --debugger-agent=transport=dt_socket,embedding=1,server=y,suspend=n,address=127.0.0.1:56960
Begin MonoManager ReloadAssembly
Registering precompiled unity dll's ...
Register platform support module: D:/UnityEditor/2022.3.53f1c1/Editor/Data/PlaybackEngines/AndroidPlayer/UnityEditor.Android.Extensions.dll
Register platform support module: D:/UnityEditor/2022.3.53f1c1/Editor/Data/PlaybackEngines/WindowsStandaloneSupport/UnityEditor.WindowsStandalone.Extensions.dll
Register platform support module: D:/UnityEditor/2022.3.53f1c1/Editor/Data/PlaybackEngines/MetroSupport/UnityEditor.UWP.Extensions.dll
Registered in 0.023217 seconds.
- Loaded All Assemblies, in  0.326 seconds
Native extension for UWP target not found
Native extension for WindowsStandalone target not found
Native extension for Android target not found
Mono: successfully reloaded assembly
- Finished resetting the current domain, in  0.218 seconds
Domain Reload Profiling: 536ms
	BeginReloadAssembly (101ms)
		ExecutionOrderSort (0ms)
		DisableScriptedObjects (0ms)
		BackupInstance (0ms)
		ReleaseScriptingObjects (0ms)
		CreateAndSetChildDomain (1ms)
	RebuildCommonClasses (24ms)
	RebuildNativeTypeToScriptingClass (7ms)
	initialDomainReloadingComplete (74ms)
	LoadAllAssembliesAndSetupDomain (111ms)
		LoadAssemblies (94ms)
		RebuildTransferFunctionScriptingTraits (0ms)
		AnalyzeDomain (108ms)
			TypeCache.Refresh (107ms)
				TypeCache.ScanAssembly (97ms)
			ScanForSourceGeneratedMonoScriptInfo (0ms)
			ResolveRequiredComponents (0ms)
	FinalizeReload (219ms)
		ReleaseScriptCaches (0ms)
		RebuildScriptCaches (0ms)
		SetupLoadedEditorAssemblies (186ms)
			LogAssemblyErrors (0ms)
			InitializePlatformSupportModulesInManaged (51ms)
			SetLoadedEditorAssemblies (4ms)
			RefreshPlugins (0ms)
			BeforeProcessingInitializeOnLoad (2ms)
			ProcessInitializeOnLoadAttributes (95ms)
			ProcessInitializeOnLoadMethodAttributes (35ms)
			AfterProcessingInitializeOnLoad (0ms)
			EditorAssembliesLoaded (0ms)
		ExecutionOrderSort2 (0ms)
		AwakeInstancesAfterBackupRestoration (0ms)
========================================================================
Worker process is ready to serve import requests
Caller must complete domain reload
Begin MonoManager ReloadAssembly
Duplicate assembly 'log4net.dll' with different versions detected, using 'Assets/References/log4net.dll, AssemblyName=log4net, Version=2.0.8.0, Culture=neutral, PublicKeyToken=null' and ignoring 'Packages/com.unity.collab-proxy/Lib/Editor/log4netPlastic.dll, AssemblyName=log4net, Version=1.2.15.0, Culture=neutral, PublicKeyToken=669e0ddf0bb1aa2a'.Symbol file LoadedFromMemory is not a mono symbol file
Symbol file LoadedFromMemory is not a mono symbol file
- Loaded All Assemblies, in  0.825 seconds
Native extension for UWP target not found
Native extension for WindowsStandalone target not found
Native extension for Android target not found
[MODES] ModeService[none].Initialize
[MODES] ModeService[none].LoadModes
[MODES] Loading mode Default (0) for mode-current-id-Client
Mono: successfully reloaded assembly
- Finished resetting the current domain, in  0.620 seconds
Domain Reload Profiling: 1427ms
	BeginReloadAssembly (135ms)
		ExecutionOrderSort (0ms)
		DisableScriptedObjects (4ms)
		BackupInstance (0ms)
		ReleaseScriptingObjects (0ms)
		CreateAndSetChildDomain (21ms)
	RebuildCommonClasses (25ms)
	RebuildNativeTypeToScriptingClass (7ms)
	initialDomainReloadingComplete (56ms)
	LoadAllAssembliesAndSetupDomain (583ms)
		LoadAssemblies (473ms)
		RebuildTransferFunctionScriptingTraits (0ms)
		AnalyzeDomain (188ms)
			TypeCache.Refresh (160ms)
				TypeCache.ScanAssembly (138ms)
			ScanForSourceGeneratedMonoScriptInfo (17ms)
			ResolveRequiredComponents (9ms)
	FinalizeReload (620ms)
		ReleaseScriptCaches (0ms)
		RebuildScriptCaches (0ms)
		SetupLoadedEditorAssemblies (509ms)
			LogAssemblyErrors (0ms)
			InitializePlatformSupportModulesInManaged (23ms)
			SetLoadedEditorAssemblies (3ms)
			RefreshPlugins (0ms)
			BeforeProcessingInitializeOnLoad (82ms)
			ProcessInitializeOnLoadAttributes (287ms)
			ProcessInitializeOnLoadMethodAttributes (91ms)
			AfterProcessingInitializeOnLoad (19ms)
			EditorAssembliesLoaded (3ms)
		ExecutionOrderSort2 (0ms)
		AwakeInstancesAfterBackupRestoration (8ms)
Launched and connected shader compiler UnityShaderCompiler.exe after 0.05 seconds
Refreshing native plugins compatible for Editor in 37.54 ms, found 3 plugins.
Preloading 0 native plugins for Editor in 0.00 ms.
Unloading 6045 Unused Serialized files (Serialized files now loaded: 0)
Unloading 34 unused Assets / (322.4 KB). Loaded Objects now: 6544.
Memory consumption went from 316.5 MB to 316.1 MB.
Total: 9.504900 ms (FindLiveObjects: 1.175400 ms CreateObjectMapping: 0.616500 ms MarkObjects: 7.410300 ms  DeleteObjects: 0.301500 ms)

AssetImportParameters requested are different than current active one (requested -> active):
  custom:container-demuxer-ogg: 62fdf1f143b41e24485cea50d1cbac27 -> 
  custom:video-codec-MediaFoundation-h265: 746d11721c4dcdbdad8f713fa42b33f4 -> 
  custom:video-decoder-ogg-theora: a1e56fd34408186e4bbccfd4996cb3dc -> 
  custom:framework-win-MediaFoundation: 216162199b28c13a410421893ffa2e32 -> 
  custom:CustomObjectIndexerAttribute: 72b91833f83ae208fae7752999fa3104 -> 
  custom:container-demuxer-webm: 4f35f7cbe854078d1ac9338744f61a02 -> 
  custom:container-muxer-webm: aa71ff27fc2769a1b78a27578f13a17b -> 
  custom:video-decoder-webm-vp8: 9c59270c3fd7afecdb556c50c9e8de78 -> 
  custom:SearchIndexIgnoredProperties: e643bd26f0fe6173181afceb89e7c659 -> 
  custom:AudioImporter_EditorPlatform: d09bf68614088b80899f8185d706f6e7 -> 
  custom:video-encoder-webm-vp8: eb34c28f22e8b96e1ab97ce403110664 -> 
  custom:audio-decoder-ogg-vorbis: bf7c407c2cedff20999df2af8eb42d56 -> 
  custom:audio-encoder-webm-vorbis: bf7c407c2cedff20999df2af8eb42d56 -> 
========================================================================
Received Import Request.
  Time since last request: 809050.427038 seconds.
  path: Assets/Layer Lab/GUI Pro-SimpleCasual/ResourcesData/Sprites/Components/Icon_PictoIcons/128/PictoIcon_Water.Png
  artifactKey: Guid(d8b511665c0254d3bb4bda119a5acfcd) Importer(815301076,1909f56bfc062723c751e8b465ee728b)
Start importing Assets/Layer Lab/GUI Pro-SimpleCasual/ResourcesData/Sprites/Components/Icon_PictoIcons/128/PictoIcon_Water.Png using Guid(d8b511665c0254d3bb4bda119a5acfcd) Importer(815301076,1909f56bfc062723c751e8b465ee728b) [PhysX] Initialized MultithreadedTaskDispatcher with 32 workers.
[PhysX] Initialized MultithreadedTaskDispatcher with 32 workers.
 -> (artifact id: 'c9aef1e63d995985378d440e2f4509d4') in 0.093041 seconds
Number of updated asset objects reloaded before import = 0
Number of asset objects unloaded after import = 3
========================================================================
Received Import Request.
  Time since last request: 0.000019 seconds.
  path: Assets/Layer Lab/GUI Pro-SimpleCasual/ResourcesData/Sprites/Components/Icon_PictoIcons/64/PictoIcon_Wand_Star.Png
  artifactKey: Guid(18acff51327084523a6f0cec49903658) Importer(815301076,1909f56bfc062723c751e8b465ee728b)
Start importing Assets/Layer Lab/GUI Pro-SimpleCasual/ResourcesData/Sprites/Components/Icon_PictoIcons/64/PictoIcon_Wand_Star.Png using Guid(18acff51327084523a6f0cec49903658) Importer(815301076,1909f56bfc062723c751e8b465ee728b) [PhysX] Initialized MultithreadedTaskDispatcher with 32 workers.
[PhysX] Initialized MultithreadedTaskDispatcher with 32 workers.
 -> (artifact id: '935769f116bcd93151466d03bf558b1f') in 0.019145 seconds
Number of updated asset objects reloaded before import = 0
Number of asset objects unloaded after import = 3
========================================================================
Received Import Request.
  Time since last request: 0.000017 seconds.
  path: Assets/Layer Lab/GUI Pro-SimpleCasual/ResourcesData/Sprites/Components/Icon_PictoIcons/512/PictoIcon_Wand_Star.Png
  artifactKey: Guid(f0219f9a60ac94b18ae9b1c31390d809) Importer(815301076,1909f56bfc062723c751e8b465ee728b)
Start importing Assets/Layer Lab/GUI Pro-SimpleCasual/ResourcesData/Sprites/Components/Icon_PictoIcons/512/PictoIcon_Wand_Star.Png using Guid(f0219f9a60ac94b18ae9b1c31390d809) Importer(815301076,1909f56bfc062723c751e8b465ee728b) [PhysX] Initialized MultithreadedTaskDispatcher with 32 workers.
[PhysX] Initialized MultithreadedTaskDispatcher with 32 workers.
 -> (artifact id: 'b58a3a0c1f339c505b31e2bfd867aed6') in 0.022043 seconds
Number of updated asset objects reloaded before import = 0
Number of asset objects unloaded after import = 3
========================================================================
Received Import Request.
  Time since last request: 0.164988 seconds.
  path: Assets/Layer Lab/GUI Pro-SimpleCasual/ResourcesData/Sprites/Components/Icon_PictoIcons/512/PictoIcon_Viking.Png
  artifactKey: Guid(74ef5381e206a4f59a544ac5713e7131) Importer(815301076,1909f56bfc062723c751e8b465ee728b)
Start importing Assets/Layer Lab/GUI Pro-SimpleCasual/ResourcesData/Sprites/Components/Icon_PictoIcons/512/PictoIcon_Viking.Png using Guid(74ef5381e206a4f59a544ac5713e7131) Importer(815301076,1909f56bfc062723c751e8b465ee728b) [PhysX] Initialized MultithreadedTaskDispatcher with 32 workers.
[PhysX] Initialized MultithreadedTaskDispatcher with 32 workers.
 -> (artifact id: 'e6eeb76ed34ccb99058baa80b170488c') in 0.020305 seconds
Number of updated asset objects reloaded before import = 0
Number of asset objects unloaded after import = 3
========================================================================
Received Import Request.
  Time since last request: 0.000019 seconds.
  path: Assets/Layer Lab/GUI-MonoRound/ResourceData/Sprites/Components/Icon_PictoIcons/pictoicon_wallet.png
  artifactKey: Guid(bacbf04ed87fe4f40a4d6b9b5bce3ab4) Importer(815301076,1909f56bfc062723c751e8b465ee728b)
Start importing Assets/Layer Lab/GUI-MonoRound/ResourceData/Sprites/Components/Icon_PictoIcons/pictoicon_wallet.png using Guid(bacbf04ed87fe4f40a4d6b9b5bce3ab4) Importer(815301076,1909f56bfc062723c751e8b465ee728b) [PhysX] Initialized MultithreadedTaskDispatcher with 32 workers.
[PhysX] Initialized MultithreadedTaskDispatcher with 32 workers.
 -> (artifact id: 'e7ad4117def6124d5696f7312703a207') in 0.021258 seconds
Number of updated asset objects reloaded before import = 0
Number of asset objects unloaded after import = 3
========================================================================
Received Import Request.
  Time since last request: 1.038660 seconds.
  path: Assets/Layer Lab/GUI Pro-SimpleCasual/ResourcesData/Sprites/Components/Icon_PictoIcons/128/PictoIcon_User_4.Png
  artifactKey: Guid(5fde97db9b4cd437f855f4e4f1afabb3) Importer(815301076,1909f56bfc062723c751e8b465ee728b)
Start importing Assets/Layer Lab/GUI Pro-SimpleCasual/ResourcesData/Sprites/Components/Icon_PictoIcons/128/PictoIcon_User_4.Png using Guid(5fde97db9b4cd437f855f4e4f1afabb3) Importer(815301076,1909f56bfc062723c751e8b465ee728b) [PhysX] Initialized MultithreadedTaskDispatcher with 32 workers.
[PhysX] Initialized MultithreadedTaskDispatcher with 32 workers.
 -> (artifact id: 'f86d3ac999b50ea03ef0b659479e964d') in 0.018424 seconds
Number of updated asset objects reloaded before import = 0
Number of asset objects unloaded after import = 3
========================================================================
Received Import Request.
  Time since last request: 0.000022 seconds.
  path: Assets/Layer Lab/GUI Pro-SimpleCasual/ResourcesData/Sprites/Components/Icon_PictoIcons/512/PictoIcon_Video.Png
  artifactKey: Guid(f31df69afde62477ca146511998ca17d) Importer(815301076,1909f56bfc062723c751e8b465ee728b)
Start importing Assets/Layer Lab/GUI Pro-SimpleCasual/ResourcesData/Sprites/Components/Icon_PictoIcons/512/PictoIcon_Video.Png using Guid(f31df69afde62477ca146511998ca17d) Importer(815301076,1909f56bfc062723c751e8b465ee728b) [PhysX] Initialized MultithreadedTaskDispatcher with 32 workers.
[PhysX] Initialized MultithreadedTaskDispatcher with 32 workers.
 -> (artifact id: '7013b98b8c356165d01739459cb4d242') in 0.019909 seconds
Number of updated asset objects reloaded before import = 0
Number of asset objects unloaded after import = 3
========================================================================
Received Import Request.
  Time since last request: 0.000024 seconds.
  path: Assets/Layer Lab/GUI Pro-SimpleCasual/ResourcesData/Sprites/Components/Icon_PictoIcons/64/PictoIcon_Video.Png
  artifactKey: Guid(1d13723b4411c4a67b3d45c1fa48b6a0) Importer(815301076,1909f56bfc062723c751e8b465ee728b)
Start importing Assets/Layer Lab/GUI Pro-SimpleCasual/ResourcesData/Sprites/Components/Icon_PictoIcons/64/PictoIcon_Video.Png using Guid(1d13723b4411c4a67b3d45c1fa48b6a0) Importer(815301076,1909f56bfc062723c751e8b465ee728b) [PhysX] Initialized MultithreadedTaskDispatcher with 32 workers.
[PhysX] Initialized MultithreadedTaskDispatcher with 32 workers.
 -> (artifact id: 'bf29c50b333ce93e945646f10525c61b') in 0.020695 seconds
Number of updated asset objects reloaded before import = 0
Number of asset objects unloaded after import = 3
========================================================================
Received Import Request.
  Time since last request: 0.006927 seconds.
  path: Assets/Layer Lab/GUI-MonoRound/ResourceData/Sprites/Components/Icon_PictoIcons/pictoicon_pencil.png
  artifactKey: Guid(130829628a9b94154924757160b0c9e1) Importer(815301076,1909f56bfc062723c751e8b465ee728b)
Start importing Assets/Layer Lab/GUI-MonoRound/ResourceData/Sprites/Components/Icon_PictoIcons/pictoicon_pencil.png using Guid(130829628a9b94154924757160b0c9e1) Importer(815301076,1909f56bfc062723c751e8b465ee728b) [PhysX] Initialized MultithreadedTaskDispatcher with 32 workers.
[PhysX] Initialized MultithreadedTaskDispatcher with 32 workers.
 -> (artifact id: 'cd7988336b955b778d9e881d68c9265a') in 0.020262 seconds
Number of updated asset objects reloaded before import = 0
Number of asset objects unloaded after import = 3
========================================================================
Received Import Request.
  Time since last request: 0.000018 seconds.
  path: Assets/Layer Lab/GUI Pro-SimpleCasual/ResourcesData/Sprites/Components/Icon_PictoIcons/64/PictoIcon_Pet_Bear.Png
  artifactKey: Guid(61a59a57e57024ddc9905e159b986c8e) Importer(815301076,1909f56bfc062723c751e8b465ee728b)
Start importing Assets/Layer Lab/GUI Pro-SimpleCasual/ResourcesData/Sprites/Components/Icon_PictoIcons/64/PictoIcon_Pet_Bear.Png using Guid(61a59a57e57024ddc9905e159b986c8e) Importer(815301076,1909f56bfc062723c751e8b465ee728b) [PhysX] Initialized MultithreadedTaskDispatcher with 32 workers.
[PhysX] Initialized MultithreadedTaskDispatcher with 32 workers.
 -> (artifact id: '66ddf821263e6a2d7f717e5baae3524e') in 0.018652 seconds
Number of updated asset objects reloaded before import = 0
Number of asset objects unloaded after import = 3
========================================================================
Received Import Request.
  Time since last request: 0.000018 seconds.
  path: Assets/Layer Lab/GUI Pro-SimpleCasual/ResourcesData/Sprites/Components/Icon_PictoIcons/64/PictoIcon_Pet_Cat.Png
  artifactKey: Guid(0c6c596c1ec9b4a6faff8fbd0c55be1b) Importer(815301076,1909f56bfc062723c751e8b465ee728b)
Start importing Assets/Layer Lab/GUI Pro-SimpleCasual/ResourcesData/Sprites/Components/Icon_PictoIcons/64/PictoIcon_Pet_Cat.Png using Guid(0c6c596c1ec9b4a6faff8fbd0c55be1b) Importer(815301076,1909f56bfc062723c751e8b465ee728b) [PhysX] Initialized MultithreadedTaskDispatcher with 32 workers.
[PhysX] Initialized MultithreadedTaskDispatcher with 32 workers.
 -> (artifact id: '723ce1aae70ac23b3106558aa502f32c') in 0.019039 seconds
Number of updated asset objects reloaded before import = 0
Number of asset objects unloaded after import = 3
========================================================================
Received Import Request.
  Time since last request: 0.000021 seconds.
  path: Assets/Layer Lab/GUI Pro-SimpleCasual/ResourcesData/Sprites/Components/Icon_PictoIcons/128/PictoIcon_Photo.Png
  artifactKey: Guid(93e1a38abaf80452ca2e10995223d0a9) Importer(815301076,1909f56bfc062723c751e8b465ee728b)
Start importing Assets/Layer Lab/GUI Pro-SimpleCasual/ResourcesData/Sprites/Components/Icon_PictoIcons/128/PictoIcon_Photo.Png using Guid(93e1a38abaf80452ca2e10995223d0a9) Importer(815301076,1909f56bfc062723c751e8b465ee728b) [PhysX] Initialized MultithreadedTaskDispatcher with 32 workers.
[PhysX] Initialized MultithreadedTaskDispatcher with 32 workers.
 -> (artifact id: 'be6b8fca5bd74b7d0fed103aea23fb71') in 0.021121 seconds
Number of updated asset objects reloaded before import = 0
Number of asset objects unloaded after import = 3
========================================================================
Received Import Request.
  Time since last request: 0.000022 seconds.
  path: Assets/Layer Lab/GUI Pro-SimpleCasual/ResourcesData/Sprites/Components/Icon_PictoIcons/128/PictoIcon_Pick.Png
  artifactKey: Guid(fa5f1f97fa11a40c9bef836e99c6b834) Importer(815301076,1909f56bfc062723c751e8b465ee728b)
Start importing Assets/Layer Lab/GUI Pro-SimpleCasual/ResourcesData/Sprites/Components/Icon_PictoIcons/128/PictoIcon_Pick.Png using Guid(fa5f1f97fa11a40c9bef836e99c6b834) Importer(815301076,1909f56bfc062723c751e8b465ee728b) [PhysX] Initialized MultithreadedTaskDispatcher with 32 workers.
[PhysX] Initialized MultithreadedTaskDispatcher with 32 workers.
 -> (artifact id: 'b78af0eae7bb37836063ad704b61c6c4') in 0.020828 seconds
Number of updated asset objects reloaded before import = 0
Number of asset objects unloaded after import = 3
========================================================================
Received Import Request.
  Time since last request: 0.000033 seconds.
  path: Assets/Layer Lab/GUI Pro-SimpleCasual/ResourcesData/Sprites/Components/Icon_PictoIcons/64/PictoIcon_Piggy.Png
  artifactKey: Guid(f463754585e8c4c57beabe967e2063a0) Importer(815301076,1909f56bfc062723c751e8b465ee728b)
Start importing Assets/Layer Lab/GUI Pro-SimpleCasual/ResourcesData/Sprites/Components/Icon_PictoIcons/64/PictoIcon_Piggy.Png using Guid(f463754585e8c4c57beabe967e2063a0) Importer(815301076,1909f56bfc062723c751e8b465ee728b) [PhysX] Initialized MultithreadedTaskDispatcher with 32 workers.
[PhysX] Initialized MultithreadedTaskDispatcher with 32 workers.
 -> (artifact id: '66a02b77371072a09c82206ab87dac33') in 0.018129 seconds
Number of updated asset objects reloaded before import = 0
Number of asset objects unloaded after import = 3
========================================================================
Received Import Request.
  Time since last request: 0.000032 seconds.
  path: Assets/Layer Lab/GUI Pro-SimpleCasual/ResourcesData/Sprites/Components/Icon_PictoIcons/64/PictoIcon_Pill.Png
  artifactKey: Guid(7defc8eb9b2d84938b4c0ced73520d79) Importer(815301076,1909f56bfc062723c751e8b465ee728b)
Start importing Assets/Layer Lab/GUI Pro-SimpleCasual/ResourcesData/Sprites/Components/Icon_PictoIcons/64/PictoIcon_Pill.Png using Guid(7defc8eb9b2d84938b4c0ced73520d79) Importer(815301076,1909f56bfc062723c751e8b465ee728b) [PhysX] Initialized MultithreadedTaskDispatcher with 32 workers.
[PhysX] Initialized MultithreadedTaskDispatcher with 32 workers.
 -> (artifact id: '6c4faf20cb266f61664649554508fa05') in 0.020177 seconds
Number of updated asset objects reloaded before import = 0
Number of asset objects unloaded after import = 3
========================================================================
Received Import Request.
  Time since last request: 0.000020 seconds.
  path: Assets/Layer Lab/GUI Pro-SimpleCasual/ResourcesData/Sprites/Components/Icon_PictoIcons/128/PictoIcon_Pist.Png
  artifactKey: Guid(29b271f0e90bc476d8a78fa1265196e9) Importer(815301076,1909f56bfc062723c751e8b465ee728b)
Start importing Assets/Layer Lab/GUI Pro-SimpleCasual/ResourcesData/Sprites/Components/Icon_PictoIcons/128/PictoIcon_Pist.Png using Guid(29b271f0e90bc476d8a78fa1265196e9) Importer(815301076,1909f56bfc062723c751e8b465ee728b) [PhysX] Initialized MultithreadedTaskDispatcher with 32 workers.
[PhysX] Initialized MultithreadedTaskDispatcher with 32 workers.
 -> (artifact id: '714b9862ce12ac698f588fe5be7d7690') in 0.021834 seconds
Number of updated asset objects reloaded before import = 0
Number of asset objects unloaded after import = 3
========================================================================
Received Import Request.
  Time since last request: 0.000021 seconds.
  path: Assets/Layer Lab/GUI Pro-SimpleCasual/ResourcesData/Sprites/Components/Icon_PictoIcons/256/PictoIcon_Pill.Png
  artifactKey: Guid(71bdfdc12fe954c7bac2085261aa9d32) Importer(815301076,1909f56bfc062723c751e8b465ee728b)
Start importing Assets/Layer Lab/GUI Pro-SimpleCasual/ResourcesData/Sprites/Components/Icon_PictoIcons/256/PictoIcon_Pill.Png using Guid(71bdfdc12fe954c7bac2085261aa9d32) Importer(815301076,1909f56bfc062723c751e8b465ee728b) [PhysX] Initialized MultithreadedTaskDispatcher with 32 workers.
[PhysX] Initialized MultithreadedTaskDispatcher with 32 workers.
 -> (artifact id: '2b48d948822b9c2e785f27528adeab8d') in 0.021473 seconds
Number of updated asset objects reloaded before import = 0
Number of asset objects unloaded after import = 3
========================================================================
Received Import Request.
  Time since last request: 0.000018 seconds.
  path: Assets/Layer Lab/GUI Pro-SimpleCasual/ResourcesData/Sprites/Components/Icon_PictoIcons/64/PictoIcon_Pick.Png
  artifactKey: Guid(6fa85acd3a3794bd88395c9e02c68524) Importer(815301076,1909f56bfc062723c751e8b465ee728b)
Start importing Assets/Layer Lab/GUI Pro-SimpleCasual/ResourcesData/Sprites/Components/Icon_PictoIcons/64/PictoIcon_Pick.Png using Guid(6fa85acd3a3794bd88395c9e02c68524) Importer(815301076,1909f56bfc062723c751e8b465ee728b) [PhysX] Initialized MultithreadedTaskDispatcher with 32 workers.
[PhysX] Initialized MultithreadedTaskDispatcher with 32 workers.
 -> (artifact id: '7708888150fd9016108d79b26d63eca8') in 0.018718 seconds
Number of updated asset objects reloaded before import = 0
Number of asset objects unloaded after import = 3
========================================================================
Received Import Request.
  Time since last request: 0.000018 seconds.
  path: Assets/Layer Lab/GUI Pro-SimpleCasual/ResourcesData/Sprites/Components/Icon_PictoIcons/128/PictoIcon_Player_Pause.Png
  artifactKey: Guid(9a8795cdd84a6403b80e5f6d1da633bc) Importer(815301076,1909f56bfc062723c751e8b465ee728b)
Start importing Assets/Layer Lab/GUI Pro-SimpleCasual/ResourcesData/Sprites/Components/Icon_PictoIcons/128/PictoIcon_Player_Pause.Png using Guid(9a8795cdd84a6403b80e5f6d1da633bc) Importer(815301076,1909f56bfc062723c751e8b465ee728b) [PhysX] Initialized MultithreadedTaskDispatcher with 32 workers.
[PhysX] Initialized MultithreadedTaskDispatcher with 32 workers.
 -> (artifact id: 'be778bd7bf64b409a0d8876c0e4d9500') in 0.019967 seconds
Number of updated asset objects reloaded before import = 0
Number of asset objects unloaded after import = 3
========================================================================
Received Import Request.
  Time since last request: 0.000018 seconds.
  path: Assets/Layer Lab/GUI Pro-SimpleCasual/ResourcesData/Sprites/Components/Icon_PictoIcons/256/PictoIcon_Phumkin.Png
  artifactKey: Guid(e78a7cb0f550244949d135c9ac6709de) Importer(815301076,1909f56bfc062723c751e8b465ee728b)
Start importing Assets/Layer Lab/GUI Pro-SimpleCasual/ResourcesData/Sprites/Components/Icon_PictoIcons/256/PictoIcon_Phumkin.Png using Guid(e78a7cb0f550244949d135c9ac6709de) Importer(815301076,1909f56bfc062723c751e8b465ee728b) [PhysX] Initialized MultithreadedTaskDispatcher with 32 workers.
[PhysX] Initialized MultithreadedTaskDispatcher with 32 workers.
 -> (artifact id: 'aa785bf4e10a11d98042c58b0e839838') in 0.021465 seconds
Number of updated asset objects reloaded before import = 0
Number of asset objects unloaded after import = 3
========================================================================
Received Import Request.
  Time since last request: 0.000024 seconds.
  path: Assets/Layer Lab/GUI Pro-SimpleCasual/ResourcesData/Sprites/Components/Icon_PictoIcons/128/PictoIcon_Player_Play_Line.Png
  artifactKey: Guid(78ed7645876a0445e81792b268334845) Importer(815301076,1909f56bfc062723c751e8b465ee728b)
Start importing Assets/Layer Lab/GUI Pro-SimpleCasual/ResourcesData/Sprites/Components/Icon_PictoIcons/128/PictoIcon_Player_Play_Line.Png using Guid(78ed7645876a0445e81792b268334845) Importer(815301076,1909f56bfc062723c751e8b465ee728b) [PhysX] Initialized MultithreadedTaskDispatcher with 32 workers.
[PhysX] Initialized MultithreadedTaskDispatcher with 32 workers.
 -> (artifact id: 'e0a37fb003dcc7c164b54b3e2ca83c01') in 0.020113 seconds
Number of updated asset objects reloaded before import = 0
Number of asset objects unloaded after import = 3
========================================================================
Received Import Request.
  Time since last request: 0.000022 seconds.
  path: Assets/Layer Lab/GUI-MonoRound/ResourceData/Sprites/Components/Icon_PictoIcons/pictoicon_photo.png
  artifactKey: Guid(0b1e3ed84e363438fbd80cc95ec2399d) Importer(815301076,1909f56bfc062723c751e8b465ee728b)
Start importing Assets/Layer Lab/GUI-MonoRound/ResourceData/Sprites/Components/Icon_PictoIcons/pictoicon_photo.png using Guid(0b1e3ed84e363438fbd80cc95ec2399d) Importer(815301076,1909f56bfc062723c751e8b465ee728b) [PhysX] Initialized MultithreadedTaskDispatcher with 32 workers.
[PhysX] Initialized MultithreadedTaskDispatcher with 32 workers.
 -> (artifact id: '139c548eefb50df77273e05a1b8eb5f2') in 0.020665 seconds
Number of updated asset objects reloaded before import = 0
Number of asset objects unloaded after import = 3
========================================================================
Received Import Request.
  Time since last request: 0.000028 seconds.
  path: Assets/Layer Lab/GUI-MonoRound/ResourceData/Sprites/Components/Icon_PictoIcons/pictoicon_planet.png
  artifactKey: Guid(3a69c9067d7c440eeb59f9c88d5491c2) Importer(815301076,1909f56bfc062723c751e8b465ee728b)
Start importing Assets/Layer Lab/GUI-MonoRound/ResourceData/Sprites/Components/Icon_PictoIcons/pictoicon_planet.png using Guid(3a69c9067d7c440eeb59f9c88d5491c2) Importer(815301076,1909f56bfc062723c751e8b465ee728b) [PhysX] Initialized MultithreadedTaskDispatcher with 32 workers.
[PhysX] Initialized MultithreadedTaskDispatcher with 32 workers.
 -> (artifact id: '3aa99207138b984f640dfafee0afae3c') in 0.020975 seconds
Number of updated asset objects reloaded before import = 0
Number of asset objects unloaded after import = 3
========================================================================
Received Import Request.
  Time since last request: 1.204837 seconds.
  path: Assets/Layer Lab/GUI Pro-SimpleCasual/ResourcesData/Sprites/Components/Button/Button_Demo_Common/Btn_Rectangle03_Blue1.png
  artifactKey: Guid(ff82a3ce8d872461c9afabb175c42a35) Importer(815301076,1909f56bfc062723c751e8b465ee728b)
Start importing Assets/Layer Lab/GUI Pro-SimpleCasual/ResourcesData/Sprites/Components/Button/Button_Demo_Common/Btn_Rectangle03_Blue1.png using Guid(ff82a3ce8d872461c9afabb175c42a35) Importer(815301076,1909f56bfc062723c751e8b465ee728b) [PhysX] Initialized MultithreadedTaskDispatcher with 32 workers.
[PhysX] Initialized MultithreadedTaskDispatcher with 32 workers.
 -> (artifact id: '7658dc14c1b8a1f27d6f0e06160eba40') in 0.020633 seconds
Number of updated asset objects reloaded before import = 0
Number of asset objects unloaded after import = 3
========================================================================
Received Import Request.
  Time since last request: 0.000018 seconds.
  path: Assets/Layer Lab/GUI Pro-SimpleCasual/ResourcesData/Sprites/Components/Button/Button_Custom/Btn_Rectangle03_White2.png
  artifactKey: Guid(07c84562c94cf4aaf802ae84f25de0b0) Importer(815301076,1909f56bfc062723c751e8b465ee728b)
Start importing Assets/Layer Lab/GUI Pro-SimpleCasual/ResourcesData/Sprites/Components/Button/Button_Custom/Btn_Rectangle03_White2.png using Guid(07c84562c94cf4aaf802ae84f25de0b0) Importer(815301076,1909f56bfc062723c751e8b465ee728b) [PhysX] Initialized MultithreadedTaskDispatcher with 32 workers.
[PhysX] Initialized MultithreadedTaskDispatcher with 32 workers.
 -> (artifact id: 'c1e112f3c72355c95aa216f50177424d') in 0.016723 seconds
Number of updated asset objects reloaded before import = 0
Number of asset objects unloaded after import = 3
========================================================================
Received Import Request.
  Time since last request: 0.000018 seconds.
  path: Assets/Layer Lab/GUI Pro-SimpleCasual/ResourcesData/Sprites/Components/Button/Button_Demo_Light/Btn_Rectangle04_Sky.png
  artifactKey: Guid(ac6239bac0da943bf98d72d72fdca5c7) Importer(815301076,1909f56bfc062723c751e8b465ee728b)
Start importing Assets/Layer Lab/GUI Pro-SimpleCasual/ResourcesData/Sprites/Components/Button/Button_Demo_Light/Btn_Rectangle04_Sky.png using Guid(ac6239bac0da943bf98d72d72fdca5c7) Importer(815301076,1909f56bfc062723c751e8b465ee728b) [PhysX] Initialized MultithreadedTaskDispatcher with 32 workers.
[PhysX] Initialized MultithreadedTaskDispatcher with 32 workers.
 -> (artifact id: '8d30724d59a2ce5e7e9d6330a5a1ed4c') in 0.020464 seconds
Number of updated asset objects reloaded before import = 0
Number of asset objects unloaded after import = 3
========================================================================
Received Import Request.
  Time since last request: 1.216637 seconds.
  path: Assets/Layer Lab/GUI Pro-SimpleCasual/ResourcesData/Sprites/Components/Button/Button_Demo_Common/Btn_Rectangle00_n_Yellow.png
  artifactKey: Guid(64e66d50a131a4abaa8d4ebe129b2b72) Importer(815301076,1909f56bfc062723c751e8b465ee728b)
Start importing Assets/Layer Lab/GUI Pro-SimpleCasual/ResourcesData/Sprites/Components/Button/Button_Demo_Common/Btn_Rectangle00_n_Yellow.png using Guid(64e66d50a131a4abaa8d4ebe129b2b72) Importer(815301076,1909f56bfc062723c751e8b465ee728b) [PhysX] Initialized MultithreadedTaskDispatcher with 32 workers.
[PhysX] Initialized MultithreadedTaskDispatcher with 32 workers.
 -> (artifact id: 'a29dace9ab788c8e6ab53a61f416417e') in 0.021038 seconds
Number of updated asset objects reloaded before import = 0
Number of asset objects unloaded after import = 3
========================================================================
Received Import Request.
  Time since last request: 0.195991 seconds.
  path: Assets/Layer Lab/GUI Pro-SimpleCasual/ResourcesData/Sprites/Components/Button/Button_Demo_Common/Btn_Rectangle00_n_Gray.png
  artifactKey: Guid(421f361155f20450d8540ec47bdf138f) Importer(815301076,1909f56bfc062723c751e8b465ee728b)
Start importing Assets/Layer Lab/GUI Pro-SimpleCasual/ResourcesData/Sprites/Components/Button/Button_Demo_Common/Btn_Rectangle00_n_Gray.png using Guid(421f361155f20450d8540ec47bdf138f) Importer(815301076,1909f56bfc062723c751e8b465ee728b) [PhysX] Initialized MultithreadedTaskDispatcher with 32 workers.
[PhysX] Initialized MultithreadedTaskDispatcher with 32 workers.
 -> (artifact id: 'f9c54f47886bde1c4d103afe47c6a27c') in 0.017413 seconds
Number of updated asset objects reloaded before import = 0
Number of asset objects unloaded after import = 3
========================================================================
Received Import Request.
  Time since last request: 0.000025 seconds.
  path: Assets/Layer Lab/GUI Pro-SimpleCasual/ResourcesData/Sprites/Components/Button/Button_Demo_Common/Btn_Rectangle00_n_Navy.png
  artifactKey: Guid(906a104b67bbe476ba0bc6bdae09fc44) Importer(815301076,1909f56bfc062723c751e8b465ee728b)
Start importing Assets/Layer Lab/GUI Pro-SimpleCasual/ResourcesData/Sprites/Components/Button/Button_Demo_Common/Btn_Rectangle00_n_Navy.png using Guid(906a104b67bbe476ba0bc6bdae09fc44) Importer(815301076,1909f56bfc062723c751e8b465ee728b) [PhysX] Initialized MultithreadedTaskDispatcher with 32 workers.
[PhysX] Initialized MultithreadedTaskDispatcher with 32 workers.
 -> (artifact id: '60d9355b9185f3e00ce660df63766da9') in 0.019622 seconds
Number of updated asset objects reloaded before import = 0
Number of asset objects unloaded after import = 3
========================================================================
Received Import Request.
  Time since last request: 0.024273 seconds.
  path: Assets/Layer Lab/GUI Pro-SimpleCasual/ResourcesData/Sprites/Components/Button/Button_Custom/Btn_MenuButton_Rectangle02_White.png
  artifactKey: Guid(7ad5c6b6cea24410bb138a2ec3fc23c1) Importer(815301076,1909f56bfc062723c751e8b465ee728b)
Start importing Assets/Layer Lab/GUI Pro-SimpleCasual/ResourcesData/Sprites/Components/Button/Button_Custom/Btn_MenuButton_Rectangle02_White.png using Guid(7ad5c6b6cea24410bb138a2ec3fc23c1) Importer(815301076,1909f56bfc062723c751e8b465ee728b) [PhysX] Initialized MultithreadedTaskDispatcher with 32 workers.
[PhysX] Initialized MultithreadedTaskDispatcher with 32 workers.
 -> (artifact id: '774ef4cdaae1e20ed53bdc1362860860') in 0.023423 seconds
Number of updated asset objects reloaded before import = 0
Number of asset objects unloaded after import = 3
========================================================================
Received Import Request.
  Time since last request: 0.000021 seconds.
  path: Assets/Layer Lab/GUI Pro-SimpleCasual/ResourcesData/Sprites/Components/Button/Button_Custom/Btn_MenuButton_Rectangle03_White2.png
  artifactKey: Guid(27288c06623524835892fdb46ef2999f) Importer(815301076,1909f56bfc062723c751e8b465ee728b)
Start importing Assets/Layer Lab/GUI Pro-SimpleCasual/ResourcesData/Sprites/Components/Button/Button_Custom/Btn_MenuButton_Rectangle03_White2.png using Guid(27288c06623524835892fdb46ef2999f) Importer(815301076,1909f56bfc062723c751e8b465ee728b) [PhysX] Initialized MultithreadedTaskDispatcher with 32 workers.
[PhysX] Initialized MultithreadedTaskDispatcher with 32 workers.
 -> (artifact id: '2ec0d4ca230341609f32b75bb7d20577') in 0.039135 seconds
Number of updated asset objects reloaded before import = 0
Number of asset objects unloaded after import = 3
========================================================================
Received Import Request.
  Time since last request: 3.892471 seconds.
  path: Assets/Layer Lab/GUI Pro-SimpleCasual/ResourcesData/Sprites/Components/Button/Button_Demo_Light/Btn_MenuButton_Rectangle00_s.png
  artifactKey: Guid(ba7551a68cfcf49b893ff598783f9197) Importer(815301076,1909f56bfc062723c751e8b465ee728b)
Start importing Assets/Layer Lab/GUI Pro-SimpleCasual/ResourcesData/Sprites/Components/Button/Button_Demo_Light/Btn_MenuButton_Rectangle00_s.png using Guid(ba7551a68cfcf49b893ff598783f9197) Importer(815301076,1909f56bfc062723c751e8b465ee728b) [PhysX] Initialized MultithreadedTaskDispatcher with 32 workers.
[PhysX] Initialized MultithreadedTaskDispatcher with 32 workers.
 -> (artifact id: 'edbf89a2138a5741b2fb506b304e2aff') in 0.020304 seconds
Number of updated asset objects reloaded before import = 0
Number of asset objects unloaded after import = 3
========================================================================
Received Import Request.
  Time since last request: 0.000020 seconds.
  path: Assets/Layer Lab/GUI Pro-SimpleCasual/ResourcesData/Sprites/Components/Button/Button_Demo_Dark/Btn_MenuButton_Rectangle01.png
  artifactKey: Guid(cd696513575294d6595430990aad0026) Importer(815301076,1909f56bfc062723c751e8b465ee728b)
Start importing Assets/Layer Lab/GUI Pro-SimpleCasual/ResourcesData/Sprites/Components/Button/Button_Demo_Dark/Btn_MenuButton_Rectangle01.png using Guid(cd696513575294d6595430990aad0026) Importer(815301076,1909f56bfc062723c751e8b465ee728b) [PhysX] Initialized MultithreadedTaskDispatcher with 32 workers.
[PhysX] Initialized MultithreadedTaskDispatcher with 32 workers.
 -> (artifact id: 'ee73204699f77beecb34fe0bed756768') in 0.021068 seconds
Number of updated asset objects reloaded before import = 0
Number of asset objects unloaded after import = 3
Editor requested this worker to shutdown with reason: Scaling down because of idle timeout
TcpMessagingSession - receive error: operation aborted. errorcode: 995, details: 由于线程退出或应用程序请求，已中止 I/O 操作。
AssetImportWorker is now disconnected from the server
Process exiting
Exiting without the bug reporter. Application will terminate with return code 0