Base path: 'D:/UnityEditor/2022.3.53f1c1/Editor/Data', plugins path 'D:/UnityEditor/2022.3.53f1c1/Editor/Data/PlaybackEngines'
Cmd: initializeCompiler

Cmd: compileSnippet
  insize=24634 file=Assets/Anime Trees/Shaders/Grass/Grass_LOD0.shadergraph name=Shader Graphs/Grass_LOD0 pass=Universal Forward ppOnly=0 stripLineD=0 buildPlatform=19 rsLen=0 pKW=UNITY_ENABLE_REFLECTION_BUFFERS UNITY_USE_DITHER_MASK_FOR_ALPHABLENDED_SHADOWS UNITY_PBS_USE_BRDF1 UNITY_SPECCUBE_BOX_PROJECTION UNITY_SPECCUBE_BLENDING UNITY_ENABLE_DETAIL_NORMALMAP SHADER_API_DESKTOP UNITY_LIGHT_PROBE_PROXY_VOLUME UNITY_LIGHTMAP_FULL_HDR uKW=_MAIN_LIGHT_SHADOWS_CASCADE _ADDITIONAL_LIGHTS _ADDITIONAL_LIGHT_SHADOWS _SHADOWS_SOFT dKW=_DBUFFER_MRT1 _DBUFFER_MRT2 _DBUFFER_MRT3 DEBUG_DISPLAY _SCREEN_SPACE_OCCLUSION _SURFACE_TYPE_TRANSPARENT _WRITE_RENDERING_LAYERS LIGHTMAP_ON DIRLIGHTMAP_COMBINED _SAMPLE_GI DOTS_INSTANCING_ON _MAIN_LIGHT_SHADOWS _ADDITIONAL_LIGHTS_VERTEX SHADOWS_SHADOWMASK LIGHTMAP_SHADOW_MIXING INSTANCING_ON FOG_LINEAR FOG_EXP FOG_EXP2 _ALPHAPREMULTIPLY_ON _ALPHAMODULATE_ON _ALPHATEST_ON UNITY_NO_DXT5nm UNITY_FRAMEBUFFER_FETCH_AVAILABLE UNITY_METAL_SHADOWS_USE_POINT_FILTERING UNITY_NO_SCREENSPACE_SHADOWS UNITY_PBS_USE_BRDF2 UNITY_PBS_USE_BRDF3 UNITY_NO_FULL_STANDARD_SHADER UNITY_HARDWARE_TIER1 UNITY_HARDWARE_TIER2 UNITY_HARDWARE_TIER3 UNITY_COLORSPACE_GAMMA UNITY_HALF_PRECISION_FRAGMENT_SHADER_REGISTERS UNITY_LIGHTMAP_DLDR_ENCODING UNITY_LIGHTMAP_RGBM_ENCODING UNITY_VIRTUAL_TEXTURING UNITY_PRETRANSFORM_TO_DISPLAY_ORIENTATION UNITY_ASTC_NORMALMAP_ENCODING SHADER_API_GLES30 UNITY_UNIFIED_SHADER_PRECISION_MODEL flags=0 lang=3 type=Fragment platform=d3d11 reqs=1 mask=6 start=61  error: 1 plat 4 at Trees/Shaders/Grass/CustomLighting.hlsl(6): 'multi_compile' : unknown pragma ignored
  error: 1 plat 4 at Trees/Shaders/Grass/CustomLighting.hlsl(7): 'multi_compile' : unknown pragma ignored
  error: 1 plat 4 at Trees/Shaders/Grass/CustomLighting.hlsl(8): 'multi_compile' : unknown pragma ignored
  error: 1 plat 4 at Trees/Shaders/Grass/CustomLighting.hlsl(9): 'multi_compile_fragment' : unknown pragma ignored
  error: 1 plat 4 at Trees/Shaders/Grass/CustomLighting.hlsl(10): 'multi_compile_fragment' : unknown pragma ignored
  error: 1 plat 4 at Trees/Shaders/Grass/CustomLighting.hlsl(11): 'multi_compile' : unknown pragma ignored
  error: 1 plat 4 at Trees/Shaders/Grass/CustomLighting.hlsl(12): 'multi_compile_fragment' : unknown pragma ignored
  error: 1 plat 4 at Trees/Shaders/Grass/CustomLighting.hlsl(13): 'multi_compile' : unknown pragma ignored
  error: 1 plat 4 at Trees/Shaders/Grass/CustomLighting.hlsl(14): 'multi_compile' : unknown pragma ignored
  error: 1 plat 4 at Trees/Shaders/Grass/CustomLighting.hlsl(53): 'LightingSpecular': implicit truncation of vector type
 ok=1 outsize=922

Cmd: compileSnippet
  insize=24634 file=Assets/Anime Trees/Shaders/Grass/Grass_LOD0.shadergraph name=Shader Graphs/Grass_LOD0 pass=Universal Forward ppOnly=0 stripLineD=0 buildPlatform=19 rsLen=0 pKW=UNITY_ENABLE_REFLECTION_BUFFERS UNITY_USE_DITHER_MASK_FOR_ALPHABLENDED_SHADOWS UNITY_PBS_USE_BRDF1 UNITY_SPECCUBE_BOX_PROJECTION UNITY_SPECCUBE_BLENDING UNITY_ENABLE_DETAIL_NORMALMAP SHADER_API_DESKTOP UNITY_LIGHT_PROBE_PROXY_VOLUME UNITY_LIGHTMAP_FULL_HDR uKW=_MAIN_LIGHT_SHADOWS _ADDITIONAL_LIGHTS _ADDITIONAL_LIGHT_SHADOWS dKW=_DBUFFER_MRT1 _DBUFFER_MRT2 _DBUFFER_MRT3 DEBUG_DISPLAY _SCREEN_SPACE_OCCLUSION _SURFACE_TYPE_TRANSPARENT _WRITE_RENDERING_LAYERS _SHADOWS_SOFT LIGHTMAP_ON DIRLIGHTMAP_COMBINED _SAMPLE_GI DOTS_INSTANCING_ON _MAIN_LIGHT_SHADOWS_CASCADE _ADDITIONAL_LIGHTS_VERTEX SHADOWS_SHADOWMASK LIGHTMAP_SHADOW_MIXING INSTANCING_ON FOG_LINEAR FOG_EXP FOG_EXP2 _ALPHAPREMULTIPLY_ON _ALPHAMODULATE_ON _ALPHATEST_ON UNITY_NO_DXT5nm UNITY_FRAMEBUFFER_FETCH_AVAILABLE UNITY_METAL_SHADOWS_USE_POINT_FILTERING UNITY_NO_SCREENSPACE_SHADOWS UNITY_PBS_USE_BRDF2 UNITY_PBS_USE_BRDF3 UNITY_NO_FULL_STANDARD_SHADER UNITY_HARDWARE_TIER1 UNITY_HARDWARE_TIER2 UNITY_HARDWARE_TIER3 UNITY_COLORSPACE_GAMMA UNITY_HALF_PRECISION_FRAGMENT_SHADER_REGISTERS UNITY_LIGHTMAP_DLDR_ENCODING UNITY_LIGHTMAP_RGBM_ENCODING UNITY_VIRTUAL_TEXTURING UNITY_PRETRANSFORM_TO_DISPLAY_ORIENTATION UNITY_ASTC_NORMALMAP_ENCODING SHADER_API_GLES30 UNITY_UNIFIED_SHADER_PRECISION_MODEL flags=0 lang=3 type=Fragment platform=d3d11 reqs=1 mask=6 start=61  error: 1 plat 4 at Trees/Shaders/Grass/CustomLighting.hlsl(6): 'multi_compile' : unknown pragma ignored
  error: 1 plat 4 at Trees/Shaders/Grass/CustomLighting.hlsl(7): 'multi_compile' : unknown pragma ignored
  error: 1 plat 4 at Trees/Shaders/Grass/CustomLighting.hlsl(8): 'multi_compile' : unknown pragma ignored
  error: 1 plat 4 at Trees/Shaders/Grass/CustomLighting.hlsl(9): 'multi_compile_fragment' : unknown pragma ignored
  error: 1 plat 4 at Trees/Shaders/Grass/CustomLighting.hlsl(10): 'multi_compile_fragment' : unknown pragma ignored
  error: 1 plat 4 at Trees/Shaders/Grass/CustomLighting.hlsl(11): 'multi_compile' : unknown pragma ignored
  error: 1 plat 4 at Trees/Shaders/Grass/CustomLighting.hlsl(12): 'multi_compile_fragment' : unknown pragma ignored
  error: 1 plat 4 at Trees/Shaders/Grass/CustomLighting.hlsl(13): 'multi_compile' : unknown pragma ignored
  error: 1 plat 4 at Trees/Shaders/Grass/CustomLighting.hlsl(14): 'multi_compile' : unknown pragma ignored
  error: 1 plat 4 at Trees/Shaders/Grass/CustomLighting.hlsl(52): 'LightingSpecular': implicit truncation of vector type
 ok=1 outsize=1342

Cmd: compileSnippet
  insize=11752 file=Assets/Anime Trees/Shaders/Grass/Grass_LOD1.shadergraph name=Shader Graphs/Grass_LOD1 pass=Universal Forward ppOnly=0 stripLineD=0 buildPlatform=19 rsLen=0 pKW=UNITY_ENABLE_REFLECTION_BUFFERS UNITY_USE_DITHER_MASK_FOR_ALPHABLENDED_SHADOWS UNITY_PBS_USE_BRDF1 UNITY_SPECCUBE_BOX_PROJECTION UNITY_SPECCUBE_BLENDING UNITY_ENABLE_DETAIL_NORMALMAP SHADER_API_DESKTOP UNITY_LIGHT_PROBE_PROXY_VOLUME UNITY_LIGHTMAP_FULL_HDR uKW= dKW=_DBUFFER_MRT1 _DBUFFER_MRT2 _DBUFFER_MRT3 DEBUG_DISPLAY _SCREEN_SPACE_OCCLUSION _SURFACE_TYPE_TRANSPARENT _WRITE_RENDERING_LAYERS LIGHTMAP_ON DIRLIGHTMAP_COMBINED _SAMPLE_GI DOTS_INSTANCING_ON INSTANCING_ON FOG_LINEAR FOG_EXP FOG_EXP2 _ALPHAPREMULTIPLY_ON _ALPHAMODULATE_ON _ALPHATEST_ON UNITY_NO_DXT5nm UNITY_FRAMEBUFFER_FETCH_AVAILABLE UNITY_METAL_SHADOWS_USE_POINT_FILTERING UNITY_NO_SCREENSPACE_SHADOWS UNITY_PBS_USE_BRDF2 UNITY_PBS_USE_BRDF3 UNITY_NO_FULL_STANDARD_SHADER UNITY_HARDWARE_TIER1 UNITY_HARDWARE_TIER2 UNITY_HARDWARE_TIER3 UNITY_COLORSPACE_GAMMA UNITY_HALF_PRECISION_FRAGMENT_SHADER_REGISTERS UNITY_LIGHTMAP_DLDR_ENCODING UNITY_LIGHTMAP_RGBM_ENCODING UNITY_VIRTUAL_TEXTURING UNITY_PRETRANSFORM_TO_DISPLAY_ORIENTATION UNITY_ASTC_NORMALMAP_ENCODING SHADER_API_GLES30 UNITY_UNIFIED_SHADER_PRECISION_MODEL flags=0 lang=3 type=Fragment platform=d3d11 reqs=1 mask=6 start=57 ok=1 outsize=434

Cmd: shutdown

Quitting shader compiler process
